Log file opened on Mon Jan 14 19:07:11 2019
Host: c33-06  pid: 5720  rank ID: 0  number of ranks:  1
                      :-) GROMACS - gmx mdrun, 2016.4 (-:

                            GROMACS is written by:
     Emile Apol      Rossen Apostolov  Herman J.C. Berendsen    Par Bjelkmar   
 Aldert van Buuren   Rudi van Drunen     Anton Feenstra    Gerrit Groenhof  
 Christoph Junghans   Anca Hamuraru    Vincent Hindriksen Dimitrios Karkoulis
    Peter Kasson        Jiri Kraus      Carsten Kutzner      Per Larsson    
  Justin A. Lemkul   Magnus Lundborg   Pieter Meulenhoff    Erik Marklund   
   Teemu Murtola       Szilard Pall       Sander Pronk      Roland Schulz   
  Alexey Shvetsov     Michael Shirts     Alfons Sijbers     Peter Tieleman  
  Teemu Virolainen  Christian Wennberg    Maarten Wolf   
                           and the project leaders:
        Mark Abraham, Berk Hess, Erik Lindahl, and David van der Spoel

Copyright (c) 1991-2000, University of Groningen, The Netherlands.
Copyright (c) 2001-2017, The GROMACS development team at
Uppsala University, Stockholm University and
the Royal Institute of Technology, Sweden.
check out http://www.gromacs.org for more information.

GROMACS is free software; you can redistribute it and/or modify it
under the terms of the GNU Lesser General Public License
as published by the Free Software Foundation; either version 2.1
of the License, or (at your option) any later version.

GROMACS:      gmx mdrun, version 2016.4
Executable:   /share/apps/gromacs-plumed/2016.4/openmpi/intel/bin/gmx
Data prefix:  /share/apps/gromacs-plumed/2016.4/openmpi/intel
Working dir:  /home/ys3382/PolyAla/EQUIL
Command line:
  gmx mdrun -deffnm npt

GROMACS version:    2016.4
Precision:          single
Memory model:       64 bit
MPI library:        thread_mpi
OpenMP support:     disabled
GPU support:        disabled
SIMD instructions:  AVX_256
FFT library:        fftw-3.3.5
RDTSCP usage:       enabled
TNG support:        enabled
Hwloc support:      disabled
Tracing support:    disabled
Built on:           Tue Jan  2 22:03:37 EST 2018
Built by:           wang@c28-05 [CMAKE]
Build OS/arch:      Linux 3.10.0-514.10.2.el7.x86_64 x86_64
Build CPU vendor:   Intel
Build CPU brand:    Intel(R) Xeon(R) CPU E5-2690 v2 @ 3.00GHz
Build CPU family:   6   Model: 62   Stepping: 4
Build CPU features: aes apic avx clfsh cmov cx8 cx16 f16c htt lahf mmx msr nonstop_tsc pcid pclmuldq pdcm pdpe1gb popcnt pse rdrnd rdtscp sse2 sse3 sse4.1 sse4.2 ssse3 tdt x2apic
C compiler:         /home/wang/bin/intel/icc Intel 17.0.1.20161005
C compiler flags:    -mavx    -std=gnu99 -wd3180  -O3 -DNDEBUG -ip -funroll-all-loops -alias-const -ansi-alias  
C++ compiler:       /home/wang/bin/intel/icpc Intel 17.0.1.20161005
C++ compiler flags:  -mavx    -std=c++0x  -wd3180  -O3 -DNDEBUG -ip -funroll-all-loops -alias-const -ansi-alias  


Running on 1 node with total 20 cores, 20 logical cores
Hardware detected:
  CPU info:
    Vendor: Intel
    Brand:  Intel(R) Xeon(R) CPU E5-2690 v2 @ 3.00GHz
    Family: 6   Model: 62   Stepping: 4
    Features: aes apic avx clfsh cmov cx8 cx16 f16c htt lahf mmx msr nonstop_tsc pcid pclmuldq pdcm pdpe1gb popcnt pse rdrnd rdtscp sse2 sse3 sse4.1 sse4.2 ssse3 tdt x2apic
    SIMD instructions most likely to fit this hardware: AVX_256
    SIMD instructions selected at GROMACS compile time: AVX_256

  Hardware topology: Only logical processor count


++++ PLEASE READ AND CITE THE FOLLOWING REFERENCE ++++
M. J. Abraham, T. Murtola, R. Schulz, S. Páll, J. C. Smith, B. Hess, E.
Lindahl
GROMACS: High performance molecular simulations through multi-level
parallelism from laptops to supercomputers
SoftwareX 1 (2015) pp. 19-25
-------- -------- --- Thank You --- -------- --------


++++ PLEASE READ AND CITE THE FOLLOWING REFERENCE ++++
S. Páll, M. J. Abraham, C. Kutzner, B. Hess, E. Lindahl
Tackling Exascale Software Challenges in Molecular Dynamics Simulations with
GROMACS
In S. Markidis & E. Laure (Eds.), Solving Software Challenges for Exascale 8759 (2015) pp. 3-27
-------- -------- --- Thank You --- -------- --------


++++ PLEASE READ AND CITE THE FOLLOWING REFERENCE ++++
S. Pronk, S. Páll, R. Schulz, P. Larsson, P. Bjelkmar, R. Apostolov, M. R.
Shirts, J. C. Smith, P. M. Kasson, D. van der Spoel, B. Hess, and E. Lindahl
GROMACS 4.5: a high-throughput and highly parallel open source molecular
simulation toolkit
Bioinformatics 29 (2013) pp. 845-54
-------- -------- --- Thank You --- -------- --------


++++ PLEASE READ AND CITE THE FOLLOWING REFERENCE ++++
B. Hess and C. Kutzner and D. van der Spoel and E. Lindahl
GROMACS 4: Algorithms for highly efficient, load-balanced, and scalable
molecular simulation
J. Chem. Theory Comput. 4 (2008) pp. 435-447
-------- -------- --- Thank You --- -------- --------


++++ PLEASE READ AND CITE THE FOLLOWING REFERENCE ++++
D. van der Spoel, E. Lindahl, B. Hess, G. Groenhof, A. E. Mark and H. J. C.
Berendsen
GROMACS: Fast, Flexible and Free
J. Comp. Chem. 26 (2005) pp. 1701-1719
-------- -------- --- Thank You --- -------- --------


++++ PLEASE READ AND CITE THE FOLLOWING REFERENCE ++++
E. Lindahl and B. Hess and D. van der Spoel
GROMACS 3.0: A package for molecular simulation and trajectory analysis
J. Mol. Mod. 7 (2001) pp. 306-317
-------- -------- --- Thank You --- -------- --------


++++ PLEASE READ AND CITE THE FOLLOWING REFERENCE ++++
H. J. C. Berendsen, D. van der Spoel and R. van Drunen
GROMACS: A message-passing parallel molecular dynamics implementation
Comp. Phys. Comm. 91 (1995) pp. 43-56
-------- -------- --- Thank You --- -------- --------

Changing nstlist from 10 to 20, rlist from 1 to 1.029


Non-default thread affinity set, disabling internal thread affinity
Input Parameters:
   integrator                     = md
   tinit                          = 0
   dt                             = 0.002
   nsteps                         = 50000
   init-step                      = 0
   simulation-part                = 1
   comm-mode                      = Linear
   nstcomm                        = 100
   bd-fric                        = 0
   ld-seed                        = -1362489383
   emtol                          = 10
   emstep                         = 0.01
   niter                          = 20
   fcstep                         = 0
   nstcgsteep                     = 1000
   nbfgscorr                      = 10
   rtpi                           = 0.05
   nstxout                        = 500
   nstvout                        = 500
   nstfout                        = 0
   nstlog                         = 500
   nstcalcenergy                  = 100
   nstenergy                      = 500
   nstxout-compressed             = 0
   compressed-x-precision         = 1000
   cutoff-scheme                  = Verlet
   nstlist                        = 20
   ns-type                        = Grid
   pbc                            = xyz
   periodic-molecules             = false
   verlet-buffer-tolerance        = 0.005
   rlist                          = 1.029
   coulombtype                    = PME
   coulomb-modifier               = Potential-shift
   rcoulomb-switch                = 0
   rcoulomb                       = 1
   epsilon-r                      = 1
   epsilon-rf                     = inf
   vdw-type                       = Cut-off
   vdw-modifier                   = Potential-shift
   rvdw-switch                    = 0
   rvdw                           = 1
   DispCorr                       = EnerPres
   table-extension                = 1
   fourierspacing                 = 0.16
   fourier-nx                     = 36
   fourier-ny                     = 36
   fourier-nz                     = 36
   pme-order                      = 4
   ewald-rtol                     = 1e-05
   ewald-rtol-lj                  = 0.001
   lj-pme-comb-rule               = Geometric
   ewald-geometry                 = 0
   epsilon-surface                = 0
   implicit-solvent               = No
   gb-algorithm                   = Still
   nstgbradii                     = 1
   rgbradii                       = 1
   gb-epsilon-solvent             = 80
   gb-saltconc                    = 0
   gb-obc-alpha                   = 1
   gb-obc-beta                    = 0.8
   gb-obc-gamma                   = 4.85
   gb-dielectric-offset           = 0.009
   sa-algorithm                   = Ace-approximation
   sa-surface-tension             = 2.05016
   tcoupl                         = V-rescale
   nsttcouple                     = 10
   nh-chain-length                = 0
   print-nose-hoover-chain-variables = false
   pcoupl                         = Parrinello-Rahman
   pcoupltype                     = Isotropic
   nstpcouple                     = 10
   tau-p                          = 2
   compressibility (3x3):
      compressibility[    0]={ 4.50000e-05,  0.00000e+00,  0.00000e+00}
      compressibility[    1]={ 0.00000e+00,  4.50000e-05,  0.00000e+00}
      compressibility[    2]={ 0.00000e+00,  0.00000e+00,  4.50000e-05}
   ref-p (3x3):
      ref-p[    0]={ 1.00000e+00,  0.00000e+00,  0.00000e+00}
      ref-p[    1]={ 0.00000e+00,  1.00000e+00,  0.00000e+00}
      ref-p[    2]={ 0.00000e+00,  0.00000e+00,  1.00000e+00}
   refcoord-scaling               = COM
   posres-com (3):
      posres-com[0]= 5.11140e-01
      posres-com[1]= 5.00960e-01
      posres-com[2]= 5.07213e-01
   posres-comB (3):
      posres-comB[0]= 5.11140e-01
      posres-comB[1]= 5.00960e-01
      posres-comB[2]= 5.07213e-01
   QMMM                           = false
   QMconstraints                  = 0
   QMMMscheme                     = 0
   MMChargeScaleFactor            = 1
qm-opts:
   ngQM                           = 0
   constraint-algorithm           = Lincs
   continuation                   = true
   Shake-SOR                      = false
   shake-tol                      = 0.0001
   lincs-order                    = 4
   lincs-iter                     = 1
   lincs-warnangle                = 30
   nwall                          = 0
   wall-type                      = 9-3
   wall-r-linpot                  = -1
   wall-atomtype[0]               = -1
   wall-atomtype[1]               = -1
   wall-density[0]                = 0
   wall-density[1]                = 0
   wall-ewald-zfac                = 3
   pull                           = false
   rotation                       = false
   interactiveMD                  = false
   disre                          = No
   disre-weighting                = Conservative
   disre-mixed                    = false
   dr-fc                          = 1000
   dr-tau                         = 0
   nstdisreout                    = 100
   orire-fc                       = 0
   orire-tau                      = 0
   nstorireout                    = 100
   free-energy                    = no
   cos-acceleration               = 0
   deform (3x3):
      deform[    0]={ 0.00000e+00,  0.00000e+00,  0.00000e+00}
      deform[    1]={ 0.00000e+00,  0.00000e+00,  0.00000e+00}
      deform[    2]={ 0.00000e+00,  0.00000e+00,  0.00000e+00}
   simulated-tempering            = false
   E-x:
      n = 0
   E-xt:
      n = 0
   E-y:
      n = 0
   E-yt:
      n = 0
   E-z:
      n = 0
   E-zt:
      n = 0
   swapcoords                     = no
   userint1                       = 0
   userint2                       = 0
   userint3                       = 0
   userint4                       = 0
   userreal1                      = 0
   userreal2                      = 0
   userreal3                      = 0
   userreal4                      = 0
grpopts:
   nrdf:     256.978       34377
   ref-t:         310         310
   tau-t:         0.1         0.1
annealing:          No          No
annealing-npoints:           0           0
   acc:	           0           0           0
   nfreeze:           N           N           N
   energygrp-flags[  0]: 0


Initializing Domain Decomposition on 20 ranks
Dynamic load balancing: auto
Initial maximum inter charge-group distances:
    two-body bonded interactions: 0.390 nm, LJ-14, atoms 25 35
  multi-body bonded interactions: 0.490 nm, CMAP Dih., atoms 21 33
Minimum cell size due to bonded interactions: 0.539 nm
Maximum distance for 5 constraints, at 120 deg. angles, all-trans: 0.222 nm
Estimated maximum distance required for P-LINCS: 0.222 nm
Guess for relative PME load: 0.18
Will use 16 particle-particle and 4 PME only ranks
This is a guess, check the performance at the end of the log file
Using 4 separate PME ranks, as guessed by mdrun
Scaling the initial minimum size with 1/0.8 (option -dds) = 1.25
Optimizing the DD grid for 16 cells with a minimum initial size of 0.673 nm
The maximum allowed number of cells is: X 8 Y 8 Z 8
Domain decomposition grid 4 x 4 x 1, separate PME ranks 4
PME domain decomposition: 4 x 1 x 1
Interleaving PP and PME ranks
This rank does only particle-particle work.

Domain decomposition rank 0, coordinates 0 0 0

The initial number of communication pulses is: X 1 Y 1
The initial domain decomposition cell size is: X 1.43 nm Y 1.43 nm

The maximum allowed distance for charge groups involved in interactions is:
                 non-bonded interactions           1.029 nm
(the following are initial values, they could change due to box deformation)
            two-body bonded interactions  (-rdd)   1.029 nm
          multi-body bonded interactions  (-rdd)   1.029 nm
  atoms separated by up to 5 constraints  (-rcon)  1.432 nm

When dynamic load balancing gets turned on, these settings will change to:
The maximum number of communication pulses is: X 1 Y 1
The minimum size for domain decomposition cells is 1.029 nm
The requested allowed shrink of DD cells (option -dds) is: 0.80
The allowed shrink of domain decomposition cells is: X 0.72 Y 0.72
The maximum allowed distance for charge groups involved in interactions is:
                 non-bonded interactions           1.029 nm
            two-body bonded interactions  (-rdd)   1.029 nm
          multi-body bonded interactions  (-rdd)   1.029 nm
  atoms separated by up to 5 constraints  (-rcon)  1.029 nm

Using 20 MPI threads
Will do PME sum in reciprocal space for electrostatic interactions.

++++ PLEASE READ AND CITE THE FOLLOWING REFERENCE ++++
U. Essmann, L. Perera, M. L. Berkowitz, T. Darden, H. Lee and L. G. Pedersen 
A smooth particle mesh Ewald method
J. Chem. Phys. 103 (1995) pp. 8577-8592
-------- -------- --- Thank You --- -------- --------

Will do ordinary reciprocal space Ewald sum.
Using a Gaussian width (1/beta) of 0.320163 nm for Ewald
Cut-off's:   NS: 1.029   Coulomb: 1   LJ: 1
Long Range LJ corr.: <C6> 2.9849e-04
System total charge: 0.000
Generated table with 1014 data points for Ewald.
Tabscale = 500 points/nm
Generated table with 1014 data points for LJ6.
Tabscale = 500 points/nm
Generated table with 1014 data points for LJ12.
Tabscale = 500 points/nm
Generated table with 1014 data points for 1-4 COUL.
Tabscale = 500 points/nm
Generated table with 1014 data points for 1-4 LJ6.
Tabscale = 500 points/nm
Generated table with 1014 data points for 1-4 LJ12.
Tabscale = 500 points/nm
Potential shift: LJ r^-12: -1.000e+00 r^-6: -1.000e+00, Ewald -1.000e-05
Initialized non-bonded Ewald correction tables, spacing: 9.33e-04 size: 1073


Using SIMD 4x4 non-bonded kernels

Using Lorentz-Berthelot Lennard-Jones combination rule


Initializing Parallel LINear Constraint Solver

++++ PLEASE READ AND CITE THE FOLLOWING REFERENCE ++++
B. Hess
P-LINCS: A Parallel Linear Constraint Solver for molecular simulation
J. Chem. Theory Comput. 4 (2008) pp. 116-122
-------- -------- --- Thank You --- -------- --------

The number of constraints is 52
There are inter charge-group constraints,
will communicate selected coordinates each lincs iteration

++++ PLEASE READ AND CITE THE FOLLOWING REFERENCE ++++
S. Miyamoto and P. A. Kollman
SETTLE: An Analytical Version of the SHAKE and RATTLE Algorithms for Rigid
Water Models
J. Comp. Chem. 13 (1992) pp. 952-962
-------- -------- --- Thank You --- -------- --------


Linking all bonded interactions to atoms

Intra-simulation communication will occur every 10 steps.
Center of mass motion removal mode is Linear
We have the following groups for center of mass motion removal:
  0:  rest

++++ PLEASE READ AND CITE THE FOLLOWING REFERENCE ++++
G. Bussi, D. Donadio and M. Parrinello
Canonical sampling through velocity rescaling
J. Chem. Phys. 126 (2007) pp. 014101
-------- -------- --- Thank You --- -------- --------

There are: 17293 Atoms
Atom distribution over 16 domains: av 1080 stddev 48 min 1009 max 1106

Started mdrun on rank 0 Mon Jan 14 19:07:13 2019
           Step           Time
              0        0.00000

   Energies (kJ/mol)
           Bond            U-B    Proper Dih.  Improper Dih.      CMAP Dih.
    6.47292e+01    1.92108e+02    1.60134e+02    9.95891e+00   -3.40833e+01
          LJ-14     Coulomb-14        LJ (SR)  Disper. corr.   Coulomb (SR)
    1.66148e+01    3.56755e+03    2.53489e+04   -1.98878e+03   -2.59783e+05
   Coul. recip. Position Rest.      Potential    Kinetic En.   Total Energy
    1.54383e+03    6.91561e-03   -2.30902e+05    4.26450e+04   -1.88257e+05
    Temperature Pres. DC (bar) Pressure (bar)   Constr. rmsd
    2.96184e+02   -1.76113e+02   -1.29458e+03    2.89124e-06

DD  step 19 load imb.: force 37.6%  pme mesh/force 0.980

DD  step 499 load imb.: force  2.9%  pme mesh/force 1.044

           Step           Time
            500        1.00000

   Energies (kJ/mol)
           Bond            U-B    Proper Dih.  Improper Dih.      CMAP Dih.
    9.16108e+01    2.94357e+02    1.73028e+02    1.54184e+01   -3.14308e+01
          LJ-14     Coulomb-14        LJ (SR)  Disper. corr.   Coulomb (SR)
    2.35634e+01    3.52350e+03    2.62893e+04   -2.18526e+03   -2.61196e+05
   Coul. recip. Position Rest.      Potential    Kinetic En.   Total Energy
    1.43944e+03    4.74084e+01   -2.31515e+05    4.52714e+04   -1.86243e+05
    Temperature Pres. DC (bar) Pressure (bar)   Constr. rmsd
    3.14425e+02   -2.12581e+02    4.61668e+02    4.91874e-06

DD  step 999 load imb.: force  6.0%  pme mesh/force 1.025

           Step           Time
           1000        2.00000

   Energies (kJ/mol)
           Bond            U-B    Proper Dih.  Improper Dih.      CMAP Dih.
    7.27464e+01    2.48164e+02    1.65695e+02    7.44811e+00   -3.95559e+01
          LJ-14     Coulomb-14        LJ (SR)  Disper. corr.   Coulomb (SR)
    2.27276e+01    3.57397e+03    2.54152e+04   -2.18144e+03   -2.61670e+05
   Coul. recip. Position Rest.      Potential    Kinetic En.   Total Energy
    1.46889e+03    4.11128e+01   -2.32875e+05    4.51231e+04   -1.87751e+05
    Temperature Pres. DC (bar) Pressure (bar)   Constr. rmsd
    3.13395e+02   -2.11839e+02   -8.86499e+01    3.11634e-06

DD  step 1499 load imb.: force  4.8%  pme mesh/force 1.027

           Step           Time
           1500        3.00000

   Energies (kJ/mol)
           Bond            U-B    Proper Dih.  Improper Dih.      CMAP Dih.
    7.23980e+01    2.10420e+02    1.62140e+02    1.43197e+01   -3.21651e+01
          LJ-14     Coulomb-14        LJ (SR)  Disper. corr.   Coulomb (SR)
    2.08354e+01    3.55630e+03    2.58252e+04   -2.18239e+03   -2.62282e+05
   Coul. recip. Position Rest.      Potential    Kinetic En.   Total Energy
    1.49355e+03    4.04052e+01   -2.33101e+05    4.52104e+04   -1.87891e+05
    Temperature Pres. DC (bar) Pressure (bar)   Constr. rmsd
    3.14001e+02   -2.12024e+02    2.26581e+01    4.58853e-06

DD  step 1999 load imb.: force  5.1%  pme mesh/force 1.129

           Step           Time
           2000        4.00000

   Energies (kJ/mol)
           Bond            U-B    Proper Dih.  Improper Dih.      CMAP Dih.
    5.31818e+01    2.47496e+02    1.66854e+02    1.37907e+01   -3.89034e+01
          LJ-14     Coulomb-14        LJ (SR)  Disper. corr.   Coulomb (SR)
    1.56164e+01    3.54781e+03    2.50451e+04   -2.17483e+03   -2.60394e+05
   Coul. recip. Position Rest.      Potential    Kinetic En.   Total Energy
    1.49628e+03    2.46049e+01   -2.31997e+05    4.47454e+04   -1.87251e+05
    Temperature Pres. DC (bar) Pressure (bar)   Constr. rmsd
    3.10772e+02   -2.10559e+02   -1.96244e+02    2.51376e-06

DD  step 2499 load imb.: force  4.6%  pme mesh/force 1.017

           Step           Time
           2500        5.00000

   Energies (kJ/mol)
           Bond            U-B    Proper Dih.  Improper Dih.      CMAP Dih.
    6.35578e+01    2.07633e+02    1.68506e+02    1.28945e+01   -2.91224e+01
          LJ-14     Coulomb-14        LJ (SR)  Disper. corr.   Coulomb (SR)
    3.47534e+01    3.56896e+03    2.60029e+04   -2.18370e+03   -2.62656e+05
   Coul. recip. Position Rest.      Potential    Kinetic En.   Total Energy
    1.41930e+03    5.53785e+01   -2.33335e+05    4.47740e+04   -1.88561e+05
    Temperature Pres. DC (bar) Pressure (bar)   Constr. rmsd
    3.10970e+02   -2.12277e+02    1.64203e+02    2.86564e-06

DD  step 2999 load imb.: force  5.9%  pme mesh/force 0.979

           Step           Time
           3000        6.00000

   Energies (kJ/mol)
           Bond            U-B    Proper Dih.  Improper Dih.      CMAP Dih.
    8.67039e+01    1.67852e+02    1.58725e+02    1.16512e+01   -3.16026e+01
          LJ-14     Coulomb-14        LJ (SR)  Disper. corr.   Coulomb (SR)
    4.19411e+01    3.53741e+03    2.54510e+04   -2.17860e+03   -2.61702e+05
   Coul. recip. Position Rest.      Potential    Kinetic En.   Total Energy
    1.44342e+03    4.02489e+01   -2.32973e+05    4.39679e+04   -1.89005e+05
    Temperature Pres. DC (bar) Pressure (bar)   Constr. rmsd
    3.05372e+02   -2.11288e+02   -8.69898e+01    3.00107e-06

DD  step 3499 load imb.: force  3.8%  pme mesh/force 1.046

           Step           Time
           3500        7.00000

   Energies (kJ/mol)
           Bond            U-B    Proper Dih.  Improper Dih.      CMAP Dih.
    7.25384e+01    2.51877e+02    1.88493e+02    1.67578e+01   -3.29363e+01
          LJ-14     Coulomb-14        LJ (SR)  Disper. corr.   Coulomb (SR)
    1.06705e+01    3.54886e+03    2.49183e+04   -2.18784e+03   -2.61340e+05
   Coul. recip. Position Rest.      Potential    Kinetic En.   Total Energy
    1.48115e+03    4.06306e+01   -2.33032e+05    4.48558e+04   -1.88176e+05
    Temperature Pres. DC (bar) Pressure (bar)   Constr. rmsd
    3.11539e+02   -2.13082e+02   -2.24105e+02    2.51275e-06

DD  step 3999 load imb.: force  4.7%  pme mesh/force 1.014

           Step           Time
           4000        8.00000

   Energies (kJ/mol)
           Bond            U-B    Proper Dih.  Improper Dih.      CMAP Dih.
    8.15504e+01    1.60592e+02    1.54973e+02    1.31606e+01   -3.43992e+01
          LJ-14     Coulomb-14        LJ (SR)  Disper. corr.   Coulomb (SR)
    2.00027e+01    3.60700e+03    2.65147e+04   -2.18862e+03   -2.63303e+05
   Coul. recip. Position Rest.      Potential    Kinetic En.   Total Energy
    1.48118e+03    2.89321e+01   -2.33464e+05    4.44573e+04   -1.89007e+05
    Temperature Pres. DC (bar) Pressure (bar)   Constr. rmsd
    3.08771e+02   -2.13234e+02    2.31107e+02    2.49219e-06

DD  step 4499 load imb.: force  5.4%  pme mesh/force 1.022

           Step           Time
           4500        9.00000

   Energies (kJ/mol)
           Bond            U-B    Proper Dih.  Improper Dih.      CMAP Dih.
    6.28855e+01    1.93088e+02    1.60586e+02    8.54519e+00   -3.79811e+01
          LJ-14     Coulomb-14        LJ (SR)  Disper. corr.   Coulomb (SR)
    2.62453e+01    3.52580e+03    2.48854e+04   -2.16261e+03   -2.60635e+05
   Coul. recip. Position Rest.      Potential    Kinetic En.   Total Energy
    1.52341e+03    3.16625e+01   -2.32418e+05    4.44260e+04   -1.87992e+05
    Temperature Pres. DC (bar) Pressure (bar)   Constr. rmsd
    3.08554e+02   -2.08202e+02   -2.89645e+02    2.42737e-06

DD  step 4999 load imb.: force  2.7%  pme mesh/force 1.058

           Step           Time
           5000       10.00000

   Energies (kJ/mol)
           Bond            U-B    Proper Dih.  Improper Dih.      CMAP Dih.
    9.40096e+01    1.76606e+02    1.77438e+02    2.34649e+01   -3.43302e+01
          LJ-14     Coulomb-14        LJ (SR)  Disper. corr.   Coulomb (SR)
    3.08164e+01    3.57487e+03    2.65709e+04   -2.18390e+03   -2.63507e+05
   Coul. recip. Position Rest.      Potential    Kinetic En.   Total Energy
    1.52668e+03    4.55134e+01   -2.33505e+05    4.47953e+04   -1.88710e+05
    Temperature Pres. DC (bar) Pressure (bar)   Constr. rmsd
    3.11119e+02   -2.12316e+02    2.74994e+02    2.25827e-06

DD  step 5499 load imb.: force  4.1%  pme mesh/force 0.920

           Step           Time
           5500       11.00000

   Energies (kJ/mol)
           Bond            U-B    Proper Dih.  Improper Dih.      CMAP Dih.
    5.57819e+01    1.95827e+02    1.69710e+02    1.95279e+01   -4.16189e+01
          LJ-14     Coulomb-14        LJ (SR)  Disper. corr.   Coulomb (SR)
    2.64724e+01    3.51947e+03    2.53511e+04   -2.16282e+03   -2.61105e+05
   Coul. recip. Position Rest.      Potential    Kinetic En.   Total Energy
    1.47606e+03    3.18379e+01   -2.32463e+05    4.44782e+04   -1.87985e+05
    Temperature Pres. DC (bar) Pressure (bar)   Constr. rmsd
    3.08916e+02   -2.08242e+02   -2.01851e+02    3.18023e-06

DD  step 5999 load imb.: force  2.3%  pme mesh/force 1.106

           Step           Time
           6000       12.00000

   Energies (kJ/mol)
           Bond            U-B    Proper Dih.  Improper Dih.      CMAP Dih.
    8.57011e+01    2.24333e+02    1.79500e+02    2.18374e+01   -3.70848e+01
          LJ-14     Coulomb-14        LJ (SR)  Disper. corr.   Coulomb (SR)
    2.70054e+01    3.54897e+03    2.59239e+04   -2.18206e+03   -2.62275e+05
   Coul. recip. Position Rest.      Potential    Kinetic En.   Total Energy
    1.47594e+03    3.31571e+01   -2.32973e+05    4.51601e+04   -1.87813e+05
    Temperature Pres. DC (bar) Pressure (bar)   Constr. rmsd
    3.13652e+02   -2.11960e+02    9.17836e+01    3.06933e-06

DD  step 6499 load imb.: force  4.2%  pme mesh/force 1.037

           Step           Time
           6500       13.00000

   Energies (kJ/mol)
           Bond            U-B    Proper Dih.  Improper Dih.      CMAP Dih.
    6.87230e+01    2.05280e+02    1.65191e+02    1.91909e+01   -3.33318e+01
          LJ-14     Coulomb-14        LJ (SR)  Disper. corr.   Coulomb (SR)
    2.23629e+01    3.54332e+03    2.58512e+04   -2.16693e+03   -2.61760e+05
   Coul. recip. Position Rest.      Potential    Kinetic En.   Total Energy
    1.41336e+03    4.02696e+01   -2.32632e+05    4.47136e+04   -1.87918e+05
    Temperature Pres. DC (bar) Pressure (bar)   Constr. rmsd
    3.10551e+02   -2.09034e+02   -1.96392e+01    1.91318e-06

DD  step 6999 load imb.: force  5.3%  pme mesh/force 1.048

           Step           Time
           7000       14.00000

   Energies (kJ/mol)
           Bond            U-B    Proper Dih.  Improper Dih.      CMAP Dih.
    8.67433e+01    2.28345e+02    1.72552e+02    1.40936e+01   -3.25575e+01
          LJ-14     Coulomb-14        LJ (SR)  Disper. corr.   Coulomb (SR)
    1.25242e+01    3.52872e+03    2.54758e+04   -2.16396e+03   -2.61467e+05
   Coul. recip. Position Rest.      Potential    Kinetic En.   Total Energy
    1.51790e+03    5.25995e+01   -2.32574e+05    4.47943e+04   -1.87780e+05
    Temperature Pres. DC (bar) Pressure (bar)   Constr. rmsd
    3.11112e+02   -2.08463e+02   -1.93133e+02    2.86808e-06

DD  step 7499 load imb.: force  4.0%  pme mesh/force 1.059

           Step           Time
           7500       15.00000

   Energies (kJ/mol)
           Bond            U-B    Proper Dih.  Improper Dih.      CMAP Dih.
    7.00931e+01    1.92059e+02    1.53839e+02    1.51549e+01   -3.92100e+01
          LJ-14     Coulomb-14        LJ (SR)  Disper. corr.   Coulomb (SR)
    1.56914e+01    3.59500e+03    2.59520e+04   -2.18368e+03   -2.61910e+05
   Coul. recip. Position Rest.      Potential    Kinetic En.   Total Energy
    1.47753e+03    4.32465e+01   -2.32618e+05    4.46326e+04   -1.87986e+05
    Temperature Pres. DC (bar) Pressure (bar)   Constr. rmsd
    3.09988e+02   -2.12275e+02    1.21466e+02    3.55031e-06

DD  step 7999 load imb.: force  3.8%  pme mesh/force 1.057

           Step           Time
           8000       16.00000

   Energies (kJ/mol)
           Bond            U-B    Proper Dih.  Improper Dih.      CMAP Dih.
    5.76227e+01    1.77763e+02    1.69719e+02    2.17906e+01   -3.56068e+01
          LJ-14     Coulomb-14        LJ (SR)  Disper. corr.   Coulomb (SR)
    2.27483e+01    3.59033e+03    2.52726e+04   -2.15927e+03   -2.60863e+05
   Coul. recip. Position Rest.      Potential    Kinetic En.   Total Energy
    1.51207e+03    3.95286e+01   -2.32193e+05    4.42462e+04   -1.87947e+05
    Temperature Pres. DC (bar) Pressure (bar)   Constr. rmsd
    3.07305e+02   -2.07561e+02   -2.33795e+02    1.98123e-06

DD  step 8499 load imb.: force  4.9%  pme mesh/force 0.989

           Step           Time
           8500       17.00000

   Energies (kJ/mol)
           Bond            U-B    Proper Dih.  Improper Dih.      CMAP Dih.
    6.81185e+01    2.32518e+02    1.79580e+02    1.67324e+01   -4.27688e+01
          LJ-14     Coulomb-14        LJ (SR)  Disper. corr.   Coulomb (SR)
    2.60011e+01    3.48982e+03    2.64790e+04   -2.18306e+03   -2.62292e+05
   Coul. recip. Position Rest.      Potential    Kinetic En.   Total Energy
    1.51198e+03    2.84533e+01   -2.32486e+05    4.45989e+04   -1.87887e+05
    Temperature Pres. DC (bar) Pressure (bar)   Constr. rmsd
    3.09755e+02   -2.12153e+02    3.83513e+02    3.03692e-06

DD  step 8999 load imb.: force  4.0%  pme mesh/force 1.021

           Step           Time
           9000       18.00000

   Energies (kJ/mol)
           Bond            U-B    Proper Dih.  Improper Dih.      CMAP Dih.
    7.45555e+01    2.13914e+02    1.66196e+02    1.88282e+01   -3.87608e+01
          LJ-14     Coulomb-14        LJ (SR)  Disper. corr.   Coulomb (SR)
    3.09926e+01    3.55489e+03    2.60308e+04   -2.18563e+03   -2.62504e+05
   Coul. recip. Position Rest.      Potential    Kinetic En.   Total Energy
    1.42369e+03    2.55899e+01   -2.33189e+05    4.50211e+04   -1.88168e+05
    Temperature Pres. DC (bar) Pressure (bar)   Constr. rmsd
    3.12687e+02   -2.12653e+02    1.38996e+02    4.65315e-06

DD  step 9499 load imb.: force  5.2%  pme mesh/force 0.947

           Step           Time
           9500       19.00000

   Energies (kJ/mol)
           Bond            U-B    Proper Dih.  Improper Dih.      CMAP Dih.
    7.77048e+01    2.21175e+02    1.72497e+02    1.90097e+01   -4.17537e+01
          LJ-14     Coulomb-14        LJ (SR)  Disper. corr.   Coulomb (SR)
    2.18768e+01    3.53351e+03    2.47456e+04   -2.18614e+03   -2.61386e+05
   Coul. recip. Position Rest.      Potential    Kinetic En.   Total Energy
    1.54994e+03    3.90090e+01   -2.33234e+05    4.41976e+04   -1.89036e+05
    Temperature Pres. DC (bar) Pressure (bar)   Constr. rmsd
    3.06967e+02   -2.12752e+02   -3.21125e+02    2.78635e-06

DD  step 9999 load imb.: force  6.4%  pme mesh/force 0.959

           Step           Time
          10000       20.00000

   Energies (kJ/mol)
           Bond            U-B    Proper Dih.  Improper Dih.      CMAP Dih.
    8.92972e+01    1.78645e+02    1.62518e+02    2.00724e+01   -3.85055e+01
          LJ-14     Coulomb-14        LJ (SR)  Disper. corr.   Coulomb (SR)
    1.24191e+01    3.56349e+03    2.57573e+04   -2.17657e+03   -2.62345e+05
   Coul. recip. Position Rest.      Potential    Kinetic En.   Total Energy
    1.47163e+03    3.42349e+01   -2.33270e+05    4.43808e+04   -1.88890e+05
    Temperature Pres. DC (bar) Pressure (bar)   Constr. rmsd
    3.08240e+02   -2.10895e+02   -9.77887e+01    2.05069e-06

DD  step 10499 load imb.: force  5.9%  pme mesh/force 0.985

           Step           Time
          10500       21.00000

   Energies (kJ/mol)
           Bond            U-B    Proper Dih.  Improper Dih.      CMAP Dih.
    7.99441e+01    2.31165e+02    1.62865e+02    1.69459e+01   -3.65742e+01
          LJ-14     Coulomb-14        LJ (SR)  Disper. corr.   Coulomb (SR)
    1.68056e+01    3.52691e+03    2.66173e+04   -2.17174e+03   -2.63089e+05
   Coul. recip. Position Rest.      Potential    Kinetic En.   Total Energy
    1.47513e+03    2.77985e+01   -2.33142e+05    4.47901e+04   -1.88352e+05
    Temperature Pres. DC (bar) Pressure (bar)   Constr. rmsd
    3.11082e+02   -2.09962e+02    2.01355e+02    1.86585e-06

DD  step 10999 load imb.: force  2.4%  pme mesh/force 0.968

           Step           Time
          11000       22.00000

   Energies (kJ/mol)
           Bond            U-B    Proper Dih.  Improper Dih.      CMAP Dih.
    7.94846e+01    1.70615e+02    1.64734e+02    1.85246e+01   -3.73681e+01
          LJ-14     Coulomb-14        LJ (SR)  Disper. corr.   Coulomb (SR)
    2.28264e+01    3.60197e+03    2.61105e+04   -2.18400e+03   -2.62298e+05
   Coul. recip. Position Rest.      Potential    Kinetic En.   Total Energy
    1.45406e+03    3.95303e+01   -2.32857e+05    4.48096e+04   -1.88047e+05
    Temperature Pres. DC (bar) Pressure (bar)   Constr. rmsd
    3.11217e+02   -2.12335e+02    1.92309e+02    3.36342e-06

DD  step 11499 load imb.: force  4.4%  pme mesh/force 1.043

           Step           Time
          11500       23.00000

   Energies (kJ/mol)
           Bond            U-B    Proper Dih.  Improper Dih.      CMAP Dih.
    8.68507e+01    2.20177e+02    1.59360e+02    1.05232e+01   -3.68548e+01
          LJ-14     Coulomb-14        LJ (SR)  Disper. corr.   Coulomb (SR)
    1.40528e+01    3.55555e+03    2.52828e+04   -2.18740e+03   -2.62939e+05
   Coul. recip. Position Rest.      Potential    Kinetic En.   Total Energy
    1.48008e+03    2.97639e+01   -2.34325e+05    4.51026e+04   -1.89222e+05
    Temperature Pres. DC (bar) Pressure (bar)   Constr. rmsd
    3.13253e+02   -2.12996e+02   -3.12595e+02    2.05452e-06

DD  step 11999 load imb.: force  4.0%  pme mesh/force 0.972

           Step           Time
          12000       24.00000

   Energies (kJ/mol)
           Bond            U-B    Proper Dih.  Improper Dih.      CMAP Dih.
    5.73506e+01    1.62899e+02    1.67117e+02    1.06411e+01   -3.05212e+01
          LJ-14     Coulomb-14        LJ (SR)  Disper. corr.   Coulomb (SR)
    2.55253e+01    3.55865e+03    2.61854e+04   -2.19946e+03   -2.63490e+05
   Coul. recip. Position Rest.      Potential    Kinetic En.   Total Energy
    1.40560e+03    3.95777e+01   -2.34107e+05    4.48464e+04   -1.89261e+05
    Temperature Pres. DC (bar) Pressure (bar)   Constr. rmsd
    3.11473e+02   -2.15349e+02    1.52687e+02    2.70790e-06

DD  step 12499 load imb.: force  6.7%  pme mesh/force 0.992

           Step           Time
          12500       25.00000

   Energies (kJ/mol)
           Bond            U-B    Proper Dih.  Improper Dih.      CMAP Dih.
    8.71960e+01    2.13253e+02    1.75835e+02    1.66406e+01   -3.52857e+01
          LJ-14     Coulomb-14        LJ (SR)  Disper. corr.   Coulomb (SR)
    2.92906e+01    3.50623e+03    2.51707e+04   -2.17697e+03   -2.61018e+05
   Coul. recip. Position Rest.      Potential    Kinetic En.   Total Energy
    1.46268e+03    4.37336e+01   -2.32524e+05    4.47853e+04   -1.87739e+05
    Temperature Pres. DC (bar) Pressure (bar)   Constr. rmsd
    3.11049e+02   -2.10973e+02   -1.75980e+02    2.75598e-06

DD  step 12999 load imb.: force  3.2%  pme mesh/force 0.975

           Step           Time
          13000       26.00000

   Energies (kJ/mol)
           Bond            U-B    Proper Dih.  Improper Dih.      CMAP Dih.
    6.43974e+01    2.14523e+02    1.63301e+02    1.98353e+01   -3.66400e+01
          LJ-14     Coulomb-14        LJ (SR)  Disper. corr.   Coulomb (SR)
    1.90248e+01    3.57845e+03    2.54254e+04   -2.18062e+03   -2.61851e+05
   Coul. recip. Position Rest.      Potential    Kinetic En.   Total Energy
    1.49941e+03    2.02206e+01   -2.33064e+05    4.47069e+04   -1.88357e+05
    Temperature Pres. DC (bar) Pressure (bar)   Constr. rmsd
    3.10505e+02   -2.11680e+02   -9.39852e+01    2.32316e-06

DD  step 13499 load imb.: force  6.7%  pme mesh/force 1.049

           Step           Time
          13500       27.00000

   Energies (kJ/mol)
           Bond            U-B    Proper Dih.  Improper Dih.      CMAP Dih.
    6.38576e+01    1.79035e+02    1.69579e+02    1.90016e+01   -3.34897e+01
          LJ-14     Coulomb-14        LJ (SR)  Disper. corr.   Coulomb (SR)
    1.53536e+01    3.51804e+03    2.61611e+04   -2.18376e+03   -2.62820e+05
   Coul. recip. Position Rest.      Potential    Kinetic En.   Total Energy
    1.47552e+03    4.67661e+01   -2.33389e+05    4.46665e+04   -1.88723e+05
    Temperature Pres. DC (bar) Pressure (bar)   Constr. rmsd
    3.10224e+02   -2.12289e+02    1.58089e+02    2.64739e-06

DD  step 13999 load imb.: force  5.3%  pme mesh/force 1.013

           Step           Time
          14000       28.00000

   Energies (kJ/mol)
           Bond            U-B    Proper Dih.  Improper Dih.      CMAP Dih.
    5.63932e+01    2.29314e+02    1.80625e+02    3.14048e+01   -3.53873e+01
          LJ-14     Coulomb-14        LJ (SR)  Disper. corr.   Coulomb (SR)
    2.19504e+01    3.58167e+03    2.55044e+04   -2.17937e+03   -2.62110e+05
   Coul. recip. Position Rest.      Potential    Kinetic En.   Total Energy
    1.55077e+03    2.18487e+01   -2.33147e+05    4.48056e+04   -1.88341e+05
    Temperature Pres. DC (bar) Pressure (bar)   Constr. rmsd
    3.11190e+02   -2.11439e+02   -1.23777e+02    2.40311e-06

DD  step 14499 load imb.: force  4.4%  pme mesh/force 0.996

           Step           Time
          14500       29.00000

   Energies (kJ/mol)
           Bond            U-B    Proper Dih.  Improper Dih.      CMAP Dih.
    6.34779e+01    2.24787e+02    1.61812e+02    1.09036e+01   -3.39499e+01
          LJ-14     Coulomb-14        LJ (SR)  Disper. corr.   Coulomb (SR)
    2.27887e+01    3.52258e+03    2.53192e+04   -2.17168e+03   -2.61156e+05
   Coul. recip. Position Rest.      Potential    Kinetic En.   Total Energy
    1.54443e+03    4.15650e+01   -2.32450e+05    4.44271e+04   -1.88023e+05
    Temperature Pres. DC (bar) Pressure (bar)   Constr. rmsd
    3.08561e+02   -2.09950e+02   -1.79755e+02    2.11772e-06

DD  step 14999 load imb.: force  3.4%  pme mesh/force 1.086

           Step           Time
          15000       30.00000

   Energies (kJ/mol)
           Bond            U-B    Proper Dih.  Improper Dih.      CMAP Dih.
    8.61670e+01    2.14563e+02    1.70869e+02    3.05384e+01   -3.67658e+01
          LJ-14     Coulomb-14        LJ (SR)  Disper. corr.   Coulomb (SR)
    2.24938e+01    3.54667e+03    2.60258e+04   -2.17252e+03   -2.62621e+05
   Coul. recip. Position Rest.      Potential    Kinetic En.   Total Energy
    1.47283e+03    2.50022e+01   -2.33235e+05    4.42117e+04   -1.89023e+05
    Temperature Pres. DC (bar) Pressure (bar)   Constr. rmsd
    3.07065e+02   -2.10112e+02   -2.64047e+01    2.97167e-06

DD  step 15499 load imb.: force  4.3%  pme mesh/force 1.026

           Step           Time
          15500       31.00000

   Energies (kJ/mol)
           Bond            U-B    Proper Dih.  Improper Dih.      CMAP Dih.
    7.16126e+01    2.25373e+02    1.85690e+02    1.22779e+01   -3.92966e+01
          LJ-14     Coulomb-14        LJ (SR)  Disper. corr.   Coulomb (SR)
    2.18009e+01    3.50504e+03    2.54723e+04   -2.18127e+03   -2.61176e+05
   Coul. recip. Position Rest.      Potential    Kinetic En.   Total Energy
    1.54177e+03    4.19005e+01   -2.32318e+05    4.52208e+04   -1.87097e+05
    Temperature Pres. DC (bar) Pressure (bar)   Constr. rmsd
    3.14074e+02   -2.11806e+02    1.62571e+01    3.18294e-06

DD  step 15999 load imb.: force  4.3%  pme mesh/force 1.044

           Step           Time
          16000       32.00000

   Energies (kJ/mol)
           Bond            U-B    Proper Dih.  Improper Dih.      CMAP Dih.
    1.16965e+02    2.01331e+02    1.89528e+02    2.07767e+01   -3.57828e+01
          LJ-14     Coulomb-14        LJ (SR)  Disper. corr.   Coulomb (SR)
    1.70649e+01    3.44848e+03    2.45798e+04   -2.16575e+03   -2.59688e+05
   Coul. recip. Position Rest.      Potential    Kinetic En.   Total Energy
    1.52489e+03    2.64225e+01   -2.31764e+05    4.46775e+04   -1.87086e+05
    Temperature Pres. DC (bar) Pressure (bar)   Constr. rmsd
    3.10300e+02   -2.08807e+02   -4.72946e+02    2.00691e-06

DD  step 16499 load imb.: force  5.4%  pme mesh/force 0.996

           Step           Time
          16500       33.00000

   Energies (kJ/mol)
           Bond            U-B    Proper Dih.  Improper Dih.      CMAP Dih.
    8.09776e+01    2.22220e+02    1.83649e+02    1.36547e+01   -3.17279e+01
          LJ-14     Coulomb-14        LJ (SR)  Disper. corr.   Coulomb (SR)
    2.18645e+01    3.48516e+03    2.61872e+04   -2.19331e+03   -2.62354e+05
   Coul. recip. Position Rest.      Potential    Kinetic En.   Total Energy
    1.40438e+03    2.97305e+01   -2.32950e+05    4.43359e+04   -1.88614e+05
    Temperature Pres. DC (bar) Pressure (bar)   Constr. rmsd
    3.07927e+02   -2.14149e+02    2.51190e+02    2.75043e-06

DD  step 16999 load imb.: force  3.8%  pme mesh/force 1.079

           Step           Time
          17000       34.00000

   Energies (kJ/mol)
           Bond            U-B    Proper Dih.  Improper Dih.      CMAP Dih.
    7.08412e+01    1.91733e+02    1.65514e+02    1.34329e+01   -4.05195e+01
          LJ-14     Coulomb-14        LJ (SR)  Disper. corr.   Coulomb (SR)
    3.23296e+01    3.61504e+03    2.62156e+04   -2.18120e+03   -2.62786e+05
   Coul. recip. Position Rest.      Potential    Kinetic En.   Total Energy
    1.53761e+03    2.08032e+01   -2.33144e+05    4.45269e+04   -1.88617e+05
    Temperature Pres. DC (bar) Pressure (bar)   Constr. rmsd
    3.09254e+02   -2.11793e+02    1.77723e+02    2.13117e-06

DD  step 17499 load imb.: force  5.1%  pme mesh/force 0.949

           Step           Time
          17500       35.00000

   Energies (kJ/mol)
           Bond            U-B    Proper Dih.  Improper Dih.      CMAP Dih.
    7.28449e+01    1.96190e+02    1.63050e+02    1.51909e+01   -2.98521e+01
          LJ-14     Coulomb-14        LJ (SR)  Disper. corr.   Coulomb (SR)
    1.80074e+01    3.51888e+03    2.57295e+04   -2.17235e+03   -2.61440e+05
   Coul. recip. Position Rest.      Potential    Kinetic En.   Total Energy
    1.50023e+03    5.07806e+01   -2.32377e+05    4.45886e+04   -1.87789e+05
    Temperature Pres. DC (bar) Pressure (bar)   Constr. rmsd
    3.09683e+02   -2.10080e+02    2.30385e+01    3.88038e-06

DD  step 17999 load imb.: force  3.8%  pme mesh/force 1.035

           Step           Time
          18000       36.00000

   Energies (kJ/mol)
           Bond            U-B    Proper Dih.  Improper Dih.      CMAP Dih.
    8.45514e+01    1.51843e+02    1.67128e+02    8.59894e+00   -2.42314e+01
          LJ-14     Coulomb-14        LJ (SR)  Disper. corr.   Coulomb (SR)
    2.57798e+01    3.58415e+03    2.56309e+04   -2.18742e+03   -2.62723e+05
   Coul. recip. Position Rest.      Potential    Kinetic En.   Total Energy
    1.48291e+03    4.58572e+01   -2.33753e+05    4.47879e+04   -1.88965e+05
    Temperature Pres. DC (bar) Pressure (bar)   Constr. rmsd
    3.11067e+02   -2.13000e+02   -9.09060e+01    2.81232e-06

DD  step 18499 load imb.: force  4.8%  pme mesh/force 1.195

           Step           Time
          18500       37.00000

   Energies (kJ/mol)
           Bond            U-B    Proper Dih.  Improper Dih.      CMAP Dih.
    1.14163e+02    1.76204e+02    1.73385e+02    1.66483e+01   -3.36003e+01
          LJ-14     Coulomb-14        LJ (SR)  Disper. corr.   Coulomb (SR)
    2.93563e+01    3.57845e+03    2.59963e+04   -2.17911e+03   -2.62075e+05
   Coul. recip. Position Rest.      Potential    Kinetic En.   Total Energy
    1.45510e+03    3.24556e+01   -2.32715e+05    4.50703e+04   -1.87645e+05
    Temperature Pres. DC (bar) Pressure (bar)   Constr. rmsd
    3.13028e+02   -2.11388e+02    1.55123e+02    2.62181e-06

DD  step 18999 load imb.: force  4.1%  pme mesh/force 1.044

           Step           Time
          19000       38.00000

   Energies (kJ/mol)
           Bond            U-B    Proper Dih.  Improper Dih.      CMAP Dih.
    8.31600e+01    1.71474e+02    1.54860e+02    2.01943e+01   -2.48364e+01
          LJ-14     Coulomb-14        LJ (SR)  Disper. corr.   Coulomb (SR)
    3.37712e+01    3.63736e+03    2.53065e+04   -2.16913e+03   -2.60853e+05
   Coul. recip. Position Rest.      Potential    Kinetic En.   Total Energy
    1.52648e+03    3.72477e+01   -2.32076e+05    4.45290e+04   -1.87547e+05
    Temperature Pres. DC (bar) Pressure (bar)   Constr. rmsd
    3.09269e+02   -2.09457e+02   -1.17566e+02    3.83651e-06

DD  step 19499 load imb.: force  4.3%  pme mesh/force 1.053

           Step           Time
          19500       39.00000

   Energies (kJ/mol)
           Bond            U-B    Proper Dih.  Improper Dih.      CMAP Dih.
    7.16938e+01    2.08758e+02    1.65595e+02    1.00980e+01   -4.19280e+01
          LJ-14     Coulomb-14        LJ (SR)  Disper. corr.   Coulomb (SR)
    1.77599e+01    3.57186e+03    2.59964e+04   -2.17760e+03   -2.63369e+05
   Coul. recip. Position Rest.      Potential    Kinetic En.   Total Energy
    1.52391e+03    4.43812e+01   -2.33978e+05    4.50019e+04   -1.88976e+05
    Temperature Pres. DC (bar) Pressure (bar)   Constr. rmsd
    3.12553e+02   -2.11096e+02   -2.62020e+01    1.69541e-06

DD  step 19999 load imb.: force  3.2%  pme mesh/force 1.014

           Step           Time
          20000       40.00000

   Energies (kJ/mol)
           Bond            U-B    Proper Dih.  Improper Dih.      CMAP Dih.
    5.59995e+01    2.34988e+02    1.81311e+02    1.01633e+01   -3.38298e+01
          LJ-14     Coulomb-14        LJ (SR)  Disper. corr.   Coulomb (SR)
    2.02880e+01    3.58969e+03    2.64828e+04   -2.18257e+03   -2.62596e+05
   Coul. recip. Position Rest.      Potential    Kinetic En.   Total Energy
    1.42360e+03    3.68235e+01   -2.32777e+05    4.50448e+04   -1.87732e+05
    Temperature Pres. DC (bar) Pressure (bar)   Constr. rmsd
    3.12852e+02   -2.12059e+02    3.80962e+02    3.03969e-06

DD  step 20499 load imb.: force  3.3%  pme mesh/force 1.083

           Step           Time
          20500       41.00000

   Energies (kJ/mol)
           Bond            U-B    Proper Dih.  Improper Dih.      CMAP Dih.
    7.58129e+01    1.94411e+02    1.72030e+02    1.06598e+01   -3.72227e+01
          LJ-14     Coulomb-14        LJ (SR)  Disper. corr.   Coulomb (SR)
    2.52165e+01    3.54821e+03    2.53095e+04   -2.17254e+03   -2.61041e+05
   Coul. recip. Position Rest.      Potential    Kinetic En.   Total Energy
    1.45117e+03    3.27721e+01   -2.32431e+05    4.39652e+04   -1.88466e+05
    Temperature Pres. DC (bar) Pressure (bar)   Constr. rmsd
    3.05353e+02   -2.10117e+02   -9.31212e+01    2.54449e-06

DD  step 20999 load imb.: force  3.5%  pme mesh/force 0.968

           Step           Time
          21000       42.00000

   Energies (kJ/mol)
           Bond            U-B    Proper Dih.  Improper Dih.      CMAP Dih.
    6.64022e+01    1.74736e+02    1.68806e+02    8.12267e+00   -3.48988e+01
          LJ-14     Coulomb-14        LJ (SR)  Disper. corr.   Coulomb (SR)
    2.65486e+01    3.59798e+03    2.60806e+04   -2.19604e+03   -2.62238e+05
   Coul. recip. Position Rest.      Potential    Kinetic En.   Total Energy
    1.52150e+03    2.84160e+01   -2.32795e+05    4.43679e+04   -1.88428e+05
    Temperature Pres. DC (bar) Pressure (bar)   Constr. rmsd
    3.08150e+02   -2.14681e+02    2.52384e+02    2.10179e-06

DD  step 21499 load imb.: force  3.3%  pme mesh/force 0.975

           Step           Time
          21500       43.00000

   Energies (kJ/mol)
           Bond            U-B    Proper Dih.  Improper Dih.      CMAP Dih.
    6.11507e+01    2.41917e+02    1.55642e+02    1.94381e+01   -3.98347e+01
          LJ-14     Coulomb-14        LJ (SR)  Disper. corr.   Coulomb (SR)
    2.78960e+01    3.56727e+03    2.53223e+04   -2.18413e+03   -2.60984e+05
   Coul. recip. Position Rest.      Potential    Kinetic En.   Total Energy
    1.51247e+03    2.80491e+01   -2.32271e+05    4.51574e+04   -1.87114e+05
    Temperature Pres. DC (bar) Pressure (bar)   Constr. rmsd
    3.13634e+02   -2.12360e+02   -5.59111e+00    2.54889e-06

DD  step 21999 load imb.: force  4.3%  pme mesh/force 1.044

           Step           Time
          22000       44.00000

   Energies (kJ/mol)
           Bond            U-B    Proper Dih.  Improper Dih.      CMAP Dih.
    9.17877e+01    2.01355e+02    1.67694e+02    8.59872e+00   -3.34549e+01
          LJ-14     Coulomb-14        LJ (SR)  Disper. corr.   Coulomb (SR)
    2.60405e+01    3.52778e+03    2.61773e+04   -2.18674e+03   -2.62836e+05
   Coul. recip. Position Rest.      Potential    Kinetic En.   Total Energy
    1.48322e+03    3.58405e+01   -2.33336e+05    4.47518e+04   -1.88584e+05
    Temperature Pres. DC (bar) Pressure (bar)   Constr. rmsd
    3.10816e+02   -2.12868e+02    1.58064e+02    2.93289e-06

DD  step 22499 load imb.: force  4.0%  pme mesh/force 1.000

           Step           Time
          22500       45.00000

   Energies (kJ/mol)
           Bond            U-B    Proper Dih.  Improper Dih.      CMAP Dih.
    5.63033e+01    2.16959e+02    1.78680e+02    2.32504e+01   -3.39022e+01
          LJ-14     Coulomb-14        LJ (SR)  Disper. corr.   Coulomb (SR)
    3.39077e+01    3.54070e+03    2.53735e+04   -2.17549e+03   -2.61694e+05
   Coul. recip. Position Rest.      Potential    Kinetic En.   Total Energy
    1.50938e+03    4.05210e+01   -2.32930e+05    4.45256e+04   -1.88405e+05
    Temperature Pres. DC (bar) Pressure (bar)   Constr. rmsd
    3.09245e+02   -2.10687e+02   -1.42110e+02    3.65172e-06

DD  step 22999 load imb.: force  3.4%  pme mesh/force 0.971

           Step           Time
          23000       46.00000

   Energies (kJ/mol)
           Bond            U-B    Proper Dih.  Improper Dih.      CMAP Dih.
    6.34089e+01    2.33456e+02    1.70967e+02    2.28377e+01   -4.03858e+01
          LJ-14     Coulomb-14        LJ (SR)  Disper. corr.   Coulomb (SR)
    2.43692e+01    3.56236e+03    2.59004e+04   -2.17688e+03   -2.62571e+05
   Coul. recip. Position Rest.      Potential    Kinetic En.   Total Energy
    1.43566e+03    2.82681e+01   -2.33346e+05    4.47703e+04   -1.88576e+05
    Temperature Pres. DC (bar) Pressure (bar)   Constr. rmsd
    3.10944e+02   -2.10956e+02    4.24005e+01    4.87039e-06

DD  step 23499 load imb.: force  2.6%  pme mesh/force 1.027

           Step           Time
          23500       47.00000

   Energies (kJ/mol)
           Bond            U-B    Proper Dih.  Improper Dih.      CMAP Dih.
    6.30135e+01    2.55649e+02    1.69629e+02    6.40930e+00   -2.83924e+01
          LJ-14     Coulomb-14        LJ (SR)  Disper. corr.   Coulomb (SR)
    2.31096e+01    3.59085e+03    2.52869e+04   -2.18900e+03   -2.61658e+05
   Coul. recip. Position Rest.      Potential    Kinetic En.   Total Energy
    1.48247e+03    5.12978e+01   -2.32946e+05    4.46894e+04   -1.88257e+05
    Temperature Pres. DC (bar) Pressure (bar)   Constr. rmsd
    3.10383e+02   -2.13308e+02   -5.21275e+01    2.93529e-06

DD  step 23999 load imb.: force  3.2%  pme mesh/force 1.115

           Step           Time
          24000       48.00000

   Energies (kJ/mol)
           Bond            U-B    Proper Dih.  Improper Dih.      CMAP Dih.
    6.39480e+01    1.81960e+02    1.70851e+02    1.37648e+01   -3.65386e+01
          LJ-14     Coulomb-14        LJ (SR)  Disper. corr.   Coulomb (SR)
    2.75144e+01    3.58346e+03    2.57845e+04   -2.18886e+03   -2.62619e+05
   Coul. recip. Position Rest.      Potential    Kinetic En.   Total Energy
    1.46397e+03    3.90052e+01   -2.33515e+05    4.48186e+04   -1.88697e+05
    Temperature Pres. DC (bar) Pressure (bar)   Constr. rmsd
    3.11280e+02   -2.13280e+02    3.92850e+01    4.15593e-06

DD  step 24499 load imb.: force  3.7%  pme mesh/force 0.977

           Step           Time
          24500       49.00000

   Energies (kJ/mol)
           Bond            U-B    Proper Dih.  Improper Dih.      CMAP Dih.
    1.05507e+02    2.02872e+02    1.76110e+02    1.63157e+01   -3.95776e+01
          LJ-14     Coulomb-14        LJ (SR)  Disper. corr.   Coulomb (SR)
    3.39754e+01    3.56460e+03    2.59636e+04   -2.16843e+03   -2.62525e+05
   Coul. recip. Position Rest.      Potential    Kinetic En.   Total Energy
    1.51313e+03    4.11483e+01   -2.33116e+05    4.51344e+04   -1.87981e+05
    Temperature Pres. DC (bar) Pressure (bar)   Constr. rmsd
    3.13473e+02   -2.09322e+02    3.80043e+01    2.87105e-06

DD  step 24999 load imb.: force  3.9%  pme mesh/force 1.036

           Step           Time
          25000       50.00000

   Energies (kJ/mol)
           Bond            U-B    Proper Dih.  Improper Dih.      CMAP Dih.
    8.13773e+01    1.99079e+02    1.79589e+02    1.81517e+01   -3.47091e+01
          LJ-14     Coulomb-14        LJ (SR)  Disper. corr.   Coulomb (SR)
    2.92481e+01    3.56488e+03    2.52034e+04   -2.18306e+03   -2.60851e+05
   Coul. recip. Position Rest.      Potential    Kinetic En.   Total Energy
    1.45249e+03    4.45229e+01   -2.32296e+05    4.52699e+04   -1.87026e+05
    Temperature Pres. DC (bar) Pressure (bar)   Constr. rmsd
    3.14415e+02   -2.12154e+02   -5.89212e+01    4.15831e-06

DD  step 25499 load imb.: force  4.3%  pme mesh/force 1.125

           Step           Time
          25500       51.00000

   Energies (kJ/mol)
           Bond            U-B    Proper Dih.  Improper Dih.      CMAP Dih.
    6.18525e+01    2.02319e+02    1.59991e+02    1.21421e+01   -4.12669e+01
          LJ-14     Coulomb-14        LJ (SR)  Disper. corr.   Coulomb (SR)
    1.99567e+01    3.57484e+03    2.60084e+04   -2.18827e+03   -2.62924e+05
   Coul. recip. Position Rest.      Potential    Kinetic En.   Total Energy
    1.45170e+03    3.19984e+01   -2.33630e+05    4.40344e+04   -1.89596e+05
    Temperature Pres. DC (bar) Pressure (bar)   Constr. rmsd
    3.05834e+02   -2.13166e+02    5.94223e+01    1.95951e-06

DD  step 25999 load imb.: force  6.2%  pme mesh/force 1.038

           Step           Time
          26000       52.00000

   Energies (kJ/mol)
           Bond            U-B    Proper Dih.  Improper Dih.      CMAP Dih.
    4.80866e+01    1.95006e+02    1.60771e+02    1.99771e+01   -3.77060e+01
          LJ-14     Coulomb-14        LJ (SR)  Disper. corr.   Coulomb (SR)
    2.33577e+01    3.54842e+03    2.57229e+04   -2.16344e+03   -2.61932e+05
   Coul. recip. Position Rest.      Potential    Kinetic En.   Total Energy
    1.45935e+03    2.94159e+01   -2.32926e+05    4.48069e+04   -1.88119e+05
    Temperature Pres. DC (bar) Pressure (bar)   Constr. rmsd
    3.11199e+02   -2.08361e+02   -1.65211e+02    2.79080e-06

DD  step 26499 load imb.: force  7.0%  pme mesh/force 0.958

           Step           Time
          26500       53.00000

   Energies (kJ/mol)
           Bond            U-B    Proper Dih.  Improper Dih.      CMAP Dih.
    5.56538e+01    2.20283e+02    1.75491e+02    1.47302e+01   -4.71223e+01
          LJ-14     Coulomb-14        LJ (SR)  Disper. corr.   Coulomb (SR)
    3.44122e+01    3.63495e+03    2.53662e+04   -2.18334e+03   -2.61734e+05
   Coul. recip. Position Rest.      Potential    Kinetic En.   Total Energy
    1.46129e+03    4.01521e+01   -2.32961e+05    4.53067e+04   -1.87654e+05
    Temperature Pres. DC (bar) Pressure (bar)   Constr. rmsd
    3.14670e+02   -2.12209e+02   -8.06196e+01    2.43292e-06

DD  step 26999 load imb.: force  4.0%  pme mesh/force 0.998

           Step           Time
          27000       54.00000

   Energies (kJ/mol)
           Bond            U-B    Proper Dih.  Improper Dih.      CMAP Dih.
    7.87782e+01    2.10589e+02    1.66665e+02    2.20265e+01   -4.46979e+01
          LJ-14     Coulomb-14        LJ (SR)  Disper. corr.   Coulomb (SR)
    2.25451e+01    3.58123e+03    2.51757e+04   -2.17057e+03   -2.61130e+05
   Coul. recip. Position Rest.      Potential    Kinetic En.   Total Energy
    1.49934e+03    2.17172e+01   -2.32566e+05    4.45791e+04   -1.87987e+05
    Temperature Pres. DC (bar) Pressure (bar)   Constr. rmsd
    3.09617e+02   -2.09735e+02   -2.64161e+02    2.48780e-06

DD  step 27499 load imb.: force  4.5%  pme mesh/force 1.030

           Step           Time
          27500       55.00000

   Energies (kJ/mol)
           Bond            U-B    Proper Dih.  Improper Dih.      CMAP Dih.
    6.32460e+01    1.95678e+02    1.69528e+02    9.81203e+00   -3.56769e+01
          LJ-14     Coulomb-14        LJ (SR)  Disper. corr.   Coulomb (SR)
    1.71296e+01    3.60363e+03    2.55689e+04   -2.18985e+03   -2.62830e+05
   Coul. recip. Position Rest.      Potential    Kinetic En.   Total Energy
    1.40890e+03    3.24333e+01   -2.33987e+05    4.47165e+04   -1.89270e+05
    Temperature Pres. DC (bar) Pressure (bar)   Constr. rmsd
    3.10571e+02   -2.13475e+02   -4.65781e+01    2.99459e-06

Writing checkpoint, step 27940 at Mon Jan 14 19:22:13 2019


DD  step 27999 load imb.: force  3.2%  pme mesh/force 1.059

           Step           Time
          28000       56.00000

   Energies (kJ/mol)
           Bond            U-B    Proper Dih.  Improper Dih.      CMAP Dih.
    6.66648e+01    2.02345e+02    1.67792e+02    1.75287e+01   -3.53409e+01
          LJ-14     Coulomb-14        LJ (SR)  Disper. corr.   Coulomb (SR)
    1.62873e+01    3.55754e+03    2.58141e+04   -2.17712e+03   -2.61190e+05
   Coul. recip. Position Rest.      Potential    Kinetic En.   Total Energy
    1.49987e+03    4.10430e+01   -2.32019e+05    4.42209e+04   -1.87798e+05
    Temperature Pres. DC (bar) Pressure (bar)   Constr. rmsd
    3.07129e+02   -2.11002e+02    1.00023e+02    3.73740e-06

DD  step 28499 load imb.: force  3.4%  pme mesh/force 0.999

           Step           Time
          28500       57.00000

   Energies (kJ/mol)
           Bond            U-B    Proper Dih.  Improper Dih.      CMAP Dih.
    5.62243e+01    2.05566e+02    1.64685e+02    9.95038e+00   -4.01748e+01
          LJ-14     Coulomb-14        LJ (SR)  Disper. corr.   Coulomb (SR)
    2.46454e+01    3.51174e+03    2.56923e+04   -2.18455e+03   -2.62513e+05
   Coul. recip. Position Rest.      Potential    Kinetic En.   Total Energy
    1.41373e+03    3.84174e+01   -2.33621e+05    4.45562e+04   -1.89065e+05
    Temperature Pres. DC (bar) Pressure (bar)   Constr. rmsd
    3.09457e+02   -2.12443e+02   -6.42392e+00    2.29487e-06

DD  step 28999 load imb.: force  4.1%  pme mesh/force 0.950

           Step           Time
          29000       58.00000

   Energies (kJ/mol)
           Bond            U-B    Proper Dih.  Improper Dih.      CMAP Dih.
    7.66536e+01    2.20576e+02    1.74268e+02    1.34569e+01   -3.14090e+01
          LJ-14     Coulomb-14        LJ (SR)  Disper. corr.   Coulomb (SR)
    2.11206e+01    3.52439e+03    2.59506e+04   -2.18154e+03   -2.62115e+05
   Coul. recip. Position Rest.      Potential    Kinetic En.   Total Energy
    1.47803e+03    2.44468e+01   -2.32844e+05    4.51058e+04   -1.87739e+05
    Temperature Pres. DC (bar) Pressure (bar)   Constr. rmsd
    3.13275e+02   -2.11859e+02    2.18495e+02    2.50469e-06

DD  step 29499 load imb.: force  2.4%  pme mesh/force 1.147

           Step           Time
          29500       59.00000

   Energies (kJ/mol)
           Bond            U-B    Proper Dih.  Improper Dih.      CMAP Dih.
    1.02145e+02    1.83962e+02    1.60880e+02    2.29329e+01   -3.06837e+01
          LJ-14     Coulomb-14        LJ (SR)  Disper. corr.   Coulomb (SR)
    2.10801e+01    3.53115e+03    2.54925e+04   -2.17760e+03   -2.62203e+05
   Coul. recip. Position Rest.      Potential    Kinetic En.   Total Energy
    1.44215e+03    3.37110e+01   -2.33420e+05    4.48270e+04   -1.88593e+05
    Temperature Pres. DC (bar) Pressure (bar)   Constr. rmsd
    3.11338e+02   -2.11094e+02   -1.91231e+02    3.05096e-06

DD  step 29999 load imb.: force  4.4%  pme mesh/force 0.998

           Step           Time
          30000       60.00000

   Energies (kJ/mol)
           Bond            U-B    Proper Dih.  Improper Dih.      CMAP Dih.
    6.62467e+01    1.84421e+02    1.74800e+02    1.81495e+01   -3.47665e+01
          LJ-14     Coulomb-14        LJ (SR)  Disper. corr.   Coulomb (SR)
    2.42205e+01    3.58551e+03    2.57650e+04   -2.18920e+03   -2.62179e+05
   Coul. recip. Position Rest.      Potential    Kinetic En.   Total Energy
    1.48898e+03    2.23767e+01   -2.33073e+05    4.44246e+04   -1.88648e+05
    Temperature Pres. DC (bar) Pressure (bar)   Constr. rmsd
    3.08543e+02   -2.13347e+02    1.28033e+02    3.17913e-06

DD  step 30499 load imb.: force  2.8%  pme mesh/force 0.945

           Step           Time
          30500       61.00000

   Energies (kJ/mol)
           Bond            U-B    Proper Dih.  Improper Dih.      CMAP Dih.
    6.58044e+01    1.79543e+02    1.72101e+02    6.64387e+00   -3.75828e+01
          LJ-14     Coulomb-14        LJ (SR)  Disper. corr.   Coulomb (SR)
    1.85983e+01    3.58277e+03    2.55434e+04   -2.17830e+03   -2.62503e+05
   Coul. recip. Position Rest.      Potential    Kinetic En.   Total Energy
    1.51152e+03    2.78677e+01   -2.33611e+05    4.44429e+04   -1.89168e+05
    Temperature Pres. DC (bar) Pressure (bar)   Constr. rmsd
    3.08671e+02   -2.11230e+02   -1.50925e+02    3.38170e-06

DD  step 30999 load imb.: force  2.9%  pme mesh/force 1.021

           Step           Time
          31000       62.00000

   Energies (kJ/mol)
           Bond            U-B    Proper Dih.  Improper Dih.      CMAP Dih.
    4.30001e+01    1.98169e+02    1.71428e+02    1.67138e+01   -4.08807e+01
          LJ-14     Coulomb-14        LJ (SR)  Disper. corr.   Coulomb (SR)
    3.45936e+01    3.56644e+03    2.45919e+04   -2.16741e+03   -2.60291e+05
   Coul. recip. Position Rest.      Potential    Kinetic En.   Total Energy
    1.43357e+03    3.76663e+01   -2.32406e+05    4.44056e+04   -1.88000e+05
    Temperature Pres. DC (bar) Pressure (bar)   Constr. rmsd
    3.08412e+02   -2.09127e+02   -3.59861e+02    3.98751e-06

DD  step 31499 load imb.: force  4.1%  pme mesh/force 1.057

           Step           Time
          31500       63.00000

   Energies (kJ/mol)
           Bond            U-B    Proper Dih.  Improper Dih.      CMAP Dih.
    6.60229e+01    2.30742e+02    1.77063e+02    1.83480e+01   -3.85189e+01
          LJ-14     Coulomb-14        LJ (SR)  Disper. corr.   Coulomb (SR)
    2.92854e+01    3.55850e+03    2.48244e+04   -2.18547e+03   -2.60857e+05
   Coul. recip. Position Rest.      Potential    Kinetic En.   Total Energy
    1.49595e+03    3.86071e+01   -2.32642e+05    4.49375e+04   -1.87705e+05
    Temperature Pres. DC (bar) Pressure (bar)   Constr. rmsd
    3.12106e+02   -2.12621e+02   -1.95191e+02    3.28083e-06

DD  step 31999 load imb.: force  4.1%  pme mesh/force 0.979

           Step           Time
          32000       64.00000

   Energies (kJ/mol)
           Bond            U-B    Proper Dih.  Improper Dih.      CMAP Dih.
    1.03700e+02    2.04960e+02    1.70160e+02    1.48727e+01   -3.71683e+01
          LJ-14     Coulomb-14        LJ (SR)  Disper. corr.   Coulomb (SR)
    2.51930e+01    3.52256e+03    2.56090e+04   -2.17733e+03   -2.61477e+05
   Coul. recip. Position Rest.      Potential    Kinetic En.   Total Energy
    1.51837e+03    3.68978e+01   -2.32486e+05    4.41798e+04   -1.88306e+05
    Temperature Pres. DC (bar) Pressure (bar)   Constr. rmsd
    3.06844e+02   -2.11043e+02    6.40287e+01    4.59872e-06

DD  step 32499 load imb.: force  4.8%  pme mesh/force 1.023

           Step           Time
          32500       65.00000

   Energies (kJ/mol)
           Bond            U-B    Proper Dih.  Improper Dih.      CMAP Dih.
    5.23455e+01    2.01989e+02    1.71492e+02    1.78206e+01   -2.34419e+01
          LJ-14     Coulomb-14        LJ (SR)  Disper. corr.   Coulomb (SR)
    2.53606e+01    3.56196e+03    2.55561e+04   -2.17451e+03   -2.61397e+05
   Coul. recip. Position Rest.      Potential    Kinetic En.   Total Energy
    1.49055e+03    2.48305e+01   -2.32492e+05    4.41424e+04   -1.88350e+05
    Temperature Pres. DC (bar) Pressure (bar)   Constr. rmsd
    3.06584e+02   -2.10498e+02   -6.12024e+01    2.59151e-06

DD  step 32999 load imb.: force  4.0%  pme mesh/force 1.009

           Step           Time
          33000       66.00000

   Energies (kJ/mol)
           Bond            U-B    Proper Dih.  Improper Dih.      CMAP Dih.
    9.62343e+01    2.21170e+02    1.67579e+02    2.25586e+01   -3.57487e+01
          LJ-14     Coulomb-14        LJ (SR)  Disper. corr.   Coulomb (SR)
    1.90872e+01    3.57860e+03    2.51911e+04   -2.18023e+03   -2.61517e+05
   Coul. recip. Position Rest.      Potential    Kinetic En.   Total Energy
    1.49299e+03    2.89277e+01   -2.32915e+05    4.45419e+04   -1.88373e+05
    Temperature Pres. DC (bar) Pressure (bar)   Constr. rmsd
    3.09359e+02   -2.11605e+02   -1.73651e+02    2.11385e-06

DD  step 33499 load imb.: force  3.0%  pme mesh/force 1.095

           Step           Time
          33500       67.00000

   Energies (kJ/mol)
           Bond            U-B    Proper Dih.  Improper Dih.      CMAP Dih.
    9.20570e+01    1.68610e+02    1.66795e+02    2.42534e+01   -3.88699e+01
          LJ-14     Coulomb-14        LJ (SR)  Disper. corr.   Coulomb (SR)
    3.18084e+01    3.52198e+03    2.52609e+04   -2.17581e+03   -2.61401e+05
   Coul. recip. Position Rest.      Potential    Kinetic En.   Total Energy
    1.48596e+03    4.87665e+01   -2.32814e+05    4.42321e+04   -1.88582e+05
    Temperature Pres. DC (bar) Pressure (bar)   Constr. rmsd
    3.07207e+02   -2.10749e+02   -1.93395e+02    1.94770e-06

DD  step 33999 load imb.: force  2.3%  pme mesh/force 1.012

           Step           Time
          34000       68.00000

   Energies (kJ/mol)
           Bond            U-B    Proper Dih.  Improper Dih.      CMAP Dih.
    7.00931e+01    1.92402e+02    1.60433e+02    1.44026e+01   -3.73620e+01
          LJ-14     Coulomb-14        LJ (SR)  Disper. corr.   Coulomb (SR)
    3.08964e+01    3.57118e+03    2.64331e+04   -2.17929e+03   -2.63034e+05
   Coul. recip. Position Rest.      Potential    Kinetic En.   Total Energy
    1.43835e+03    3.78824e+01   -2.33302e+05    4.47295e+04   -1.88572e+05
    Temperature Pres. DC (bar) Pressure (bar)   Constr. rmsd
    3.10661e+02   -2.11422e+02    2.58768e+02    1.69309e-06

DD  step 34499 load imb.: force  4.7%  pme mesh/force 1.009

           Step           Time
          34500       69.00000

   Energies (kJ/mol)
           Bond            U-B    Proper Dih.  Improper Dih.      CMAP Dih.
    7.04300e+01    2.19678e+02    1.65772e+02    1.17023e+01   -3.20615e+01
          LJ-14     Coulomb-14        LJ (SR)  Disper. corr.   Coulomb (SR)
    2.00989e+01    3.59878e+03    2.58167e+04   -2.16851e+03   -2.61229e+05
   Coul. recip. Position Rest.      Potential    Kinetic En.   Total Energy
    1.52502e+03    4.40068e+01   -2.31957e+05    4.42393e+04   -1.87718e+05
    Temperature Pres. DC (bar) Pressure (bar)   Constr. rmsd
    3.07257e+02   -2.09339e+02    1.76388e+01    3.19743e-06

DD  step 34999 load imb.: force  3.2%  pme mesh/force 1.088

           Step           Time
          35000       70.00000

   Energies (kJ/mol)
           Bond            U-B    Proper Dih.  Improper Dih.      CMAP Dih.
    6.21620e+01    1.67480e+02    1.57778e+02    8.56341e+00   -3.66062e+01
          LJ-14     Coulomb-14        LJ (SR)  Disper. corr.   Coulomb (SR)
    1.92704e+01    3.56697e+03    2.58000e+04   -2.18641e+03   -2.62043e+05
   Coul. recip. Position Rest.      Potential    Kinetic En.   Total Energy
    1.50547e+03    3.04025e+01   -2.32948e+05    4.39504e+04   -1.88997e+05
    Temperature Pres. DC (bar) Pressure (bar)   Constr. rmsd
    3.05250e+02   -2.12804e+02    8.67054e+01    2.58096e-06

DD  step 35499 load imb.: force  4.8%  pme mesh/force 1.072

           Step           Time
          35500       71.00000

   Energies (kJ/mol)
           Bond            U-B    Proper Dih.  Improper Dih.      CMAP Dih.
    6.83351e+01    2.08003e+02    1.59964e+02    1.99505e+01   -3.64970e+01
          LJ-14     Coulomb-14        LJ (SR)  Disper. corr.   Coulomb (SR)
    3.60412e+01    3.56164e+03    2.57259e+04   -2.18151e+03   -2.62397e+05
   Coul. recip. Position Rest.      Potential    Kinetic En.   Total Energy
    1.49582e+03    5.82410e+01   -2.33281e+05    4.51685e+04   -1.88112e+05
    Temperature Pres. DC (bar) Pressure (bar)   Constr. rmsd
    3.13711e+02   -2.11853e+02   -1.20779e+01    2.47576e-06

DD  step 35999 load imb.: force  4.9%  pme mesh/force 1.017

           Step           Time
          36000       72.00000

   Energies (kJ/mol)
           Bond            U-B    Proper Dih.  Improper Dih.      CMAP Dih.
    6.40917e+01    1.62507e+02    1.58365e+02    1.52918e+01   -3.71667e+01
          LJ-14     Coulomb-14        LJ (SR)  Disper. corr.   Coulomb (SR)
    2.00031e+01    3.57107e+03    2.53538e+04   -2.18147e+03   -2.61912e+05
   Coul. recip. Position Rest.      Potential    Kinetic En.   Total Energy
    1.46847e+03    2.61864e+01   -2.33291e+05    4.44082e+04   -1.88883e+05
    Temperature Pres. DC (bar) Pressure (bar)   Constr. rmsd
    3.08430e+02   -2.11846e+02   -2.01326e+02    2.71806e-06

DD  step 36499 load imb.: force  5.3%  pme mesh/force 1.005

           Step           Time
          36500       73.00000

   Energies (kJ/mol)
           Bond            U-B    Proper Dih.  Improper Dih.      CMAP Dih.
    7.14101e+01    1.91641e+02    1.66902e+02    1.38311e+01   -3.24440e+01
          LJ-14     Coulomb-14        LJ (SR)  Disper. corr.   Coulomb (SR)
    2.72214e+01    3.53822e+03    2.60336e+04   -2.18258e+03   -2.63186e+05
   Coul. recip. Position Rest.      Potential    Kinetic En.   Total Energy
    1.45894e+03    3.38103e+01   -2.33865e+05    4.42908e+04   -1.89575e+05
    Temperature Pres. DC (bar) Pressure (bar)   Constr. rmsd
    3.07614e+02   -2.12060e+02    1.71483e+01    2.83313e-06

DD  step 36999 load imb.: force  3.4%  pme mesh/force 1.099

           Step           Time
          37000       74.00000

   Energies (kJ/mol)
           Bond            U-B    Proper Dih.  Improper Dih.      CMAP Dih.
    5.39143e+01    2.02581e+02    1.55459e+02    1.59448e+01   -4.05954e+01
          LJ-14     Coulomb-14        LJ (SR)  Disper. corr.   Coulomb (SR)
    1.98020e+01    3.53011e+03    2.50211e+04   -2.17224e+03   -2.61240e+05
   Coul. recip. Position Rest.      Potential    Kinetic En.   Total Energy
    1.45218e+03    2.97918e+01   -2.32972e+05    4.47349e+04   -1.88237e+05
    Temperature Pres. DC (bar) Pressure (bar)   Constr. rmsd
    3.10699e+02   -2.10059e+02   -2.97339e+02    3.09161e-06

DD  step 37499 load imb.: force  3.0%  pme mesh/force 0.962

           Step           Time
          37500       75.00000

   Energies (kJ/mol)
           Bond            U-B    Proper Dih.  Improper Dih.      CMAP Dih.
    8.24391e+01    2.44890e+02    1.83254e+02    1.02795e+01   -4.08750e+01
          LJ-14     Coulomb-14        LJ (SR)  Disper. corr.   Coulomb (SR)
    2.10244e+01    3.47615e+03    2.55376e+04   -2.19395e+03   -2.61139e+05
   Coul. recip. Position Rest.      Potential    Kinetic En.   Total Energy
    1.52219e+03    4.16715e+01   -2.32254e+05    4.47513e+04   -1.87503e+05
    Temperature Pres. DC (bar) Pressure (bar)   Constr. rmsd
    3.10813e+02   -2.14272e+02    1.17732e+02    3.10396e-06

DD  step 37999 load imb.: force  5.7%  pme mesh/force 0.967

           Step           Time
          38000       76.00000

   Energies (kJ/mol)
           Bond            U-B    Proper Dih.  Improper Dih.      CMAP Dih.
    8.72195e+01    2.39816e+02    1.73481e+02    2.57161e+01   -3.36650e+01
          LJ-14     Coulomb-14        LJ (SR)  Disper. corr.   Coulomb (SR)
    3.68399e+01    3.52358e+03    2.57209e+04   -2.17645e+03   -2.61433e+05
   Coul. recip. Position Rest.      Potential    Kinetic En.   Total Energy
    1.52201e+03    3.70295e+01   -2.32276e+05    4.45159e+04   -1.87761e+05
    Temperature Pres. DC (bar) Pressure (bar)   Constr. rmsd
    3.09178e+02   -2.10872e+02    1.28012e+02    2.76774e-06

DD  step 38499 load imb.: force  2.6%  pme mesh/force 0.982

           Step           Time
          38500       77.00000

   Energies (kJ/mol)
           Bond            U-B    Proper Dih.  Improper Dih.      CMAP Dih.
    8.44665e+01    2.00678e+02    1.67750e+02    7.73961e+00   -2.93090e+01
          LJ-14     Coulomb-14        LJ (SR)  Disper. corr.   Coulomb (SR)
    2.97706e+01    3.60404e+03    2.59239e+04   -2.19399e+03   -2.61670e+05
   Coul. recip. Position Rest.      Potential    Kinetic En.   Total Energy
    1.45203e+03    4.62407e+01   -2.32377e+05    4.50034e+04   -1.87374e+05
    Temperature Pres. DC (bar) Pressure (bar)   Constr. rmsd
    3.12564e+02   -2.14281e+02    2.97300e+02    3.07527e-06

DD  step 38999 load imb.: force  4.6%  pme mesh/force 0.994

           Step           Time
          39000       78.00000

   Energies (kJ/mol)
           Bond            U-B    Proper Dih.  Improper Dih.      CMAP Dih.
    8.38199e+01    2.23597e+02    1.82861e+02    1.41099e+01   -3.65579e+01
          LJ-14     Coulomb-14        LJ (SR)  Disper. corr.   Coulomb (SR)
    1.80871e+01    3.59793e+03    2.51593e+04   -2.18193e+03   -2.60513e+05
   Coul. recip. Position Rest.      Potential    Kinetic En.   Total Energy
    1.46476e+03    2.22552e+01   -2.31964e+05    4.42470e+04   -1.87717e+05
    Temperature Pres. DC (bar) Pressure (bar)   Constr. rmsd
    3.07311e+02   -2.11934e+02   -1.00150e+02    1.76833e-06

DD  step 39499 load imb.: force  3.2%  pme mesh/force 1.014

           Step           Time
          39500       79.00000

   Energies (kJ/mol)
           Bond            U-B    Proper Dih.  Improper Dih.      CMAP Dih.
    7.55736e+01    1.68808e+02    1.73787e+02    2.70962e+01   -3.70532e+01
          LJ-14     Coulomb-14        LJ (SR)  Disper. corr.   Coulomb (SR)
    3.17536e+01    3.58518e+03    2.53554e+04   -2.18122e+03   -2.61429e+05
   Coul. recip. Position Rest.      Potential    Kinetic En.   Total Energy
    1.46253e+03    3.89108e+01   -2.32729e+05    4.47363e+04   -1.87992e+05
    Temperature Pres. DC (bar) Pressure (bar)   Constr. rmsd
    3.10709e+02   -2.11797e+02   -6.15718e+00    2.00215e-06

DD  step 39999 load imb.: force  2.9%  pme mesh/force 1.101

           Step           Time
          40000       80.00000

   Energies (kJ/mol)
           Bond            U-B    Proper Dih.  Improper Dih.      CMAP Dih.
    8.77105e+01    2.29889e+02    1.65480e+02    3.21705e+01   -3.70405e+01
          LJ-14     Coulomb-14        LJ (SR)  Disper. corr.   Coulomb (SR)
    2.43999e+01    3.54226e+03    2.53015e+04   -2.17371e+03   -2.60390e+05
   Coul. recip. Position Rest.      Potential    Kinetic En.   Total Energy
    1.43536e+03    3.60799e+01   -2.31746e+05    4.51556e+04   -1.86590e+05
    Temperature Pres. DC (bar) Pressure (bar)   Constr. rmsd
    3.13621e+02   -2.10343e+02   -4.20024e+01    2.20545e-06

DD  step 40499 load imb.: force  3.4%  pme mesh/force 1.020

           Step           Time
          40500       81.00000

   Energies (kJ/mol)
           Bond            U-B    Proper Dih.  Improper Dih.      CMAP Dih.
    8.03982e+01    2.09066e+02    1.72376e+02    1.94682e+01   -3.84992e+01
          LJ-14     Coulomb-14        LJ (SR)  Disper. corr.   Coulomb (SR)
    1.35061e+01    3.47431e+03    2.53674e+04   -2.18078e+03   -2.61609e+05
   Coul. recip. Position Rest.      Potential    Kinetic En.   Total Energy
    1.41282e+03    3.32950e+01   -2.33046e+05    4.46696e+04   -1.88376e+05
    Temperature Pres. DC (bar) Pressure (bar)   Constr. rmsd
    3.10246e+02   -2.11712e+02   -1.85975e+02    3.28430e-06

DD  step 40999 load imb.: force  4.4%  pme mesh/force 1.012

           Step           Time
          41000       82.00000

   Energies (kJ/mol)
           Bond            U-B    Proper Dih.  Improper Dih.      CMAP Dih.
    7.14232e+01    2.25157e+02    1.68255e+02    1.68028e+01   -3.35455e+01
          LJ-14     Coulomb-14        LJ (SR)  Disper. corr.   Coulomb (SR)
    1.99811e+01    3.57934e+03    2.59126e+04   -2.17134e+03   -2.61863e+05
   Coul. recip. Position Rest.      Potential    Kinetic En.   Total Energy
    1.39089e+03    3.82019e+01   -2.32645e+05    4.47619e+04   -1.87884e+05
    Temperature Pres. DC (bar) Pressure (bar)   Constr. rmsd
    3.10886e+02   -2.09884e+02    5.43652e+01    3.21379e-06

DD  step 41499 load imb.: force  5.9%  pme mesh/force 0.957

           Step           Time
          41500       83.00000

   Energies (kJ/mol)
           Bond            U-B    Proper Dih.  Improper Dih.      CMAP Dih.
    6.78337e+01    1.97942e+02    1.68507e+02    9.90073e+00   -3.44043e+01
          LJ-14     Coulomb-14        LJ (SR)  Disper. corr.   Coulomb (SR)
    2.24499e+01    3.54696e+03    2.57690e+04   -2.18845e+03   -2.62255e+05
   Coul. recip. Position Rest.      Potential    Kinetic En.   Total Energy
    1.45020e+03    2.82202e+01   -2.33217e+05    4.38611e+04   -1.89356e+05
    Temperature Pres. DC (bar) Pressure (bar)   Constr. rmsd
    3.04630e+02   -2.13201e+02    7.30451e+01    2.04483e-06

DD  step 41999 load imb.: force  5.4%  pme mesh/force 0.989

           Step           Time
          42000       84.00000

   Energies (kJ/mol)
           Bond            U-B    Proper Dih.  Improper Dih.      CMAP Dih.
    7.56690e+01    1.96493e+02    1.64209e+02    1.69245e+01   -3.42666e+01
          LJ-14     Coulomb-14        LJ (SR)  Disper. corr.   Coulomb (SR)
    1.98454e+01    3.56284e+03    2.54992e+04   -2.17079e+03   -2.61621e+05
   Coul. recip. Position Rest.      Potential    Kinetic En.   Total Energy
    1.49550e+03    2.93516e+01   -2.32766e+05    4.42564e+04   -1.88510e+05
    Temperature Pres. DC (bar) Pressure (bar)   Constr. rmsd
    3.07375e+02   -2.09778e+02   -7.03329e+01    9.24852e-06

DD  step 42499 load imb.: force  5.6%  pme mesh/force 1.045

           Step           Time
          42500       85.00000

   Energies (kJ/mol)
           Bond            U-B    Proper Dih.  Improper Dih.      CMAP Dih.
    7.28082e+01    1.81410e+02    1.73569e+02    1.21918e+01   -3.83687e+01
          LJ-14     Coulomb-14        LJ (SR)  Disper. corr.   Coulomb (SR)
    2.59332e+01    3.58192e+03    2.64408e+04   -2.20260e+03   -2.64182e+05
   Coul. recip. Position Rest.      Potential    Kinetic En.   Total Energy
    1.47545e+03    4.01288e+01   -2.34419e+05    4.41943e+04   -1.90225e+05
    Temperature Pres. DC (bar) Pressure (bar)   Constr. rmsd
    3.06944e+02   -2.15963e+02    2.51883e+02    2.48736e-06

DD  step 42999 load imb.: force  3.5%  pme mesh/force 1.001

           Step           Time
          43000       86.00000

   Energies (kJ/mol)
           Bond            U-B    Proper Dih.  Improper Dih.      CMAP Dih.
    7.84811e+01    1.88557e+02    1.89571e+02    2.24953e+01   -3.17990e+01
          LJ-14     Coulomb-14        LJ (SR)  Disper. corr.   Coulomb (SR)
    3.70360e+01    3.58848e+03    2.56472e+04   -2.17661e+03   -2.61925e+05
   Coul. recip. Position Rest.      Potential    Kinetic En.   Total Energy
    1.50182e+03    2.73738e+01   -2.32853e+05    4.51548e+04   -1.87698e+05
    Temperature Pres. DC (bar) Pressure (bar)   Constr. rmsd
    3.13615e+02   -2.10903e+02   -3.29450e+01    3.41324e-06

DD  step 43499 load imb.: force  6.7%  pme mesh/force 0.997

           Step           Time
          43500       87.00000

   Energies (kJ/mol)
           Bond            U-B    Proper Dih.  Improper Dih.      CMAP Dih.
    7.36931e+01    2.54390e+02    1.56818e+02    1.81550e+01   -3.32698e+01
          LJ-14     Coulomb-14        LJ (SR)  Disper. corr.   Coulomb (SR)
    2.08726e+01    3.50930e+03    2.64249e+04   -2.17019e+03   -2.62464e+05
   Coul. recip. Position Rest.      Potential    Kinetic En.   Total Energy
    1.52375e+03    5.16477e+01   -2.32634e+05    4.49095e+04   -1.87724e+05
    Temperature Pres. DC (bar) Pressure (bar)   Constr. rmsd
    3.11912e+02   -2.09663e+02    2.64037e+02    4.05671e-06

DD  step 43999 load imb.: force  5.1%  pme mesh/force 1.010

           Step           Time
          44000       88.00000

   Energies (kJ/mol)
           Bond            U-B    Proper Dih.  Improper Dih.      CMAP Dih.
    9.13015e+01    2.14744e+02    1.73116e+02    1.24670e+01   -4.22448e+01
          LJ-14     Coulomb-14        LJ (SR)  Disper. corr.   Coulomb (SR)
    2.38386e+01    3.50198e+03    2.56704e+04   -2.16570e+03   -2.61258e+05
   Coul. recip. Position Rest.      Potential    Kinetic En.   Total Energy
    1.47223e+03    5.30204e+01   -2.32252e+05    4.47063e+04   -1.87546e+05
    Temperature Pres. DC (bar) Pressure (bar)   Constr. rmsd
    3.10500e+02   -2.08797e+02   -3.69009e+01    4.09908e-06

DD  step 44499 load imb.: force  2.7%  pme mesh/force 1.122

           Step           Time
          44500       89.00000

   Energies (kJ/mol)
           Bond            U-B    Proper Dih.  Improper Dih.      CMAP Dih.
    7.71607e+01    2.01995e+02    1.71627e+02    1.48272e+01   -4.11698e+01
          LJ-14     Coulomb-14        LJ (SR)  Disper. corr.   Coulomb (SR)
    3.00635e+01    3.57945e+03    2.59684e+04   -2.16563e+03   -2.62006e+05
   Coul. recip. Position Rest.      Potential    Kinetic En.   Total Energy
    1.45878e+03    3.18782e+01   -2.32678e+05    4.42951e+04   -1.88383e+05
    Temperature Pres. DC (bar) Pressure (bar)   Constr. rmsd
    3.07644e+02   -2.08783e+02    5.82827e+01    1.99592e-06

DD  step 44999 load imb.: force  3.4%  pme mesh/force 0.989

           Step           Time
          45000       90.00000

   Energies (kJ/mol)
           Bond            U-B    Proper Dih.  Improper Dih.      CMAP Dih.
    8.09857e+01    1.88592e+02    1.76466e+02    1.41097e+01   -4.64695e+01
          LJ-14     Coulomb-14        LJ (SR)  Disper. corr.   Coulomb (SR)
    2.06032e+01    3.50740e+03    2.56241e+04   -2.17446e+03   -2.62157e+05
   Coul. recip. Position Rest.      Potential    Kinetic En.   Total Energy
    1.46832e+03    3.72471e+01   -2.33260e+05    4.48627e+04   -1.88398e+05
    Temperature Pres. DC (bar) Pressure (bar)   Constr. rmsd
    3.11586e+02   -2.10487e+02   -1.53531e+02    3.26745e-06

DD  step 45499 load imb.: force  4.4%  pme mesh/force 1.034

           Step           Time
          45500       91.00000

   Energies (kJ/mol)
           Bond            U-B    Proper Dih.  Improper Dih.      CMAP Dih.
    8.45983e+01    1.66232e+02    1.54556e+02    1.77453e+01   -3.77553e+01
          LJ-14     Coulomb-14        LJ (SR)  Disper. corr.   Coulomb (SR)
    3.01295e+01    3.58295e+03    2.61400e+04   -2.18181e+03   -2.62687e+05
   Coul. recip. Position Rest.      Potential    Kinetic En.   Total Energy
    1.46356e+03    3.87554e+01   -2.33228e+05    4.42472e+04   -1.88981e+05
    Temperature Pres. DC (bar) Pressure (bar)   Constr. rmsd
    3.07312e+02   -2.11912e+02    1.25533e+02    3.03228e-06

DD  step 45999 load imb.: force  3.5%  pme mesh/force 1.212

           Step           Time
          46000       92.00000

   Energies (kJ/mol)
           Bond            U-B    Proper Dih.  Improper Dih.      CMAP Dih.
    5.63308e+01    1.86627e+02    1.70300e+02    1.80034e+01   -3.46021e+01
          LJ-14     Coulomb-14        LJ (SR)  Disper. corr.   Coulomb (SR)
    3.67686e+01    3.55516e+03    2.59628e+04   -2.18044e+03   -2.62640e+05
   Coul. recip. Position Rest.      Potential    Kinetic En.   Total Energy
    1.46939e+03    2.60390e+01   -2.33373e+05    4.49271e+04   -1.88446e+05
    Temperature Pres. DC (bar) Pressure (bar)   Constr. rmsd
    3.12034e+02   -2.11644e+02    6.34455e+01    2.42303e-06

DD  step 46499 load imb.: force  2.7%  pme mesh/force 1.024

           Step           Time
          46500       93.00000

   Energies (kJ/mol)
           Bond            U-B    Proper Dih.  Improper Dih.      CMAP Dih.
    5.66943e+01    2.35843e+02    1.59868e+02    1.29022e+01   -3.34663e+01
          LJ-14     Coulomb-14        LJ (SR)  Disper. corr.   Coulomb (SR)
    2.09216e+01    3.55697e+03    2.49082e+04   -2.17621e+03   -2.60734e+05
   Coul. recip. Position Rest.      Potential    Kinetic En.   Total Energy
    1.48292e+03    2.79250e+01   -2.32481e+05    4.49790e+04   -1.87502e+05
    Temperature Pres. DC (bar) Pressure (bar)   Constr. rmsd
    3.12394e+02   -2.10826e+02   -2.75807e+02    2.26418e-06

DD  step 46999 load imb.: force  6.1%  pme mesh/force 0.987

           Step           Time
          47000       94.00000

   Energies (kJ/mol)
           Bond            U-B    Proper Dih.  Improper Dih.      CMAP Dih.
    5.76485e+01    2.24848e+02    1.66693e+02    2.03894e+01   -3.32163e+01
          LJ-14     Coulomb-14        LJ (SR)  Disper. corr.   Coulomb (SR)
    2.54609e+01    3.54476e+03    2.52910e+04   -2.18047e+03   -2.62118e+05
   Coul. recip. Position Rest.      Potential    Kinetic En.   Total Energy
    1.46969e+03    3.95025e+01   -2.33491e+05    4.49085e+04   -1.88583e+05
    Temperature Pres. DC (bar) Pressure (bar)   Constr. rmsd
    3.11905e+02   -2.11650e+02   -1.61867e+02    1.74676e-06

DD  step 47499 load imb.: force  3.9%  pme mesh/force 1.159

           Step           Time
          47500       95.00000

   Energies (kJ/mol)
           Bond            U-B    Proper Dih.  Improper Dih.      CMAP Dih.
    6.98287e+01    2.29494e+02    1.64208e+02    6.66647e+00   -3.33828e+01
          LJ-14     Coulomb-14        LJ (SR)  Disper. corr.   Coulomb (SR)
    1.87053e+01    3.55580e+03    2.59323e+04   -2.18000e+03   -2.62170e+05
   Coul. recip. Position Rest.      Potential    Kinetic En.   Total Energy
    1.53480e+03    3.34596e+01   -2.32838e+05    4.44344e+04   -1.88404e+05
    Temperature Pres. DC (bar) Pressure (bar)   Constr. rmsd
    3.08612e+02   -2.11561e+02    5.29632e+01    2.29020e-06

DD  step 47999 load imb.: force  4.1%  pme mesh/force 1.025

           Step           Time
          48000       96.00000

   Energies (kJ/mol)
           Bond            U-B    Proper Dih.  Improper Dih.      CMAP Dih.
    7.86710e+01    2.29692e+02    1.73778e+02    1.36798e+01   -3.86254e+01
          LJ-14     Coulomb-14        LJ (SR)  Disper. corr.   Coulomb (SR)
    2.03783e+01    3.52274e+03    2.57338e+04   -2.17505e+03   -2.61959e+05
   Coul. recip. Position Rest.      Potential    Kinetic En.   Total Energy
    1.41093e+03    3.38524e+01   -2.32955e+05    4.50765e+04   -1.87878e+05
    Temperature Pres. DC (bar) Pressure (bar)   Constr. rmsd
    3.13072e+02   -2.10601e+02    1.99870e+01    3.09058e-06

DD  step 48499 load imb.: force  4.0%  pme mesh/force 1.061

           Step           Time
          48500       97.00000

   Energies (kJ/mol)
           Bond            U-B    Proper Dih.  Improper Dih.      CMAP Dih.
    8.53641e+01    2.11730e+02    1.87112e+02    1.39576e+01   -2.81475e+01
          LJ-14     Coulomb-14        LJ (SR)  Disper. corr.   Coulomb (SR)
    2.71224e+01    3.56371e+03    2.52928e+04   -2.18916e+03   -2.60717e+05
   Coul. recip. Position Rest.      Potential    Kinetic En.   Total Energy
    1.49131e+03    3.33813e+01   -2.32027e+05    4.45048e+04   -1.87523e+05
    Temperature Pres. DC (bar) Pressure (bar)   Constr. rmsd
    3.09100e+02   -2.13339e+02    2.06758e+00    2.59607e-06

DD  step 48999 load imb.: force  2.9%  pme mesh/force 1.017

           Step           Time
          49000       98.00000

   Energies (kJ/mol)
           Bond            U-B    Proper Dih.  Improper Dih.      CMAP Dih.
    7.17714e+01    2.27234e+02    1.75236e+02    9.18070e+00   -3.79034e+01
          LJ-14     Coulomb-14        LJ (SR)  Disper. corr.   Coulomb (SR)
    1.81992e+01    3.56088e+03    2.58179e+04   -2.16828e+03   -2.62400e+05
   Coul. recip. Position Rest.      Potential    Kinetic En.   Total Energy
    1.41972e+03    2.99359e+01   -2.33276e+05    4.44543e+04   -1.88821e+05
    Temperature Pres. DC (bar) Pressure (bar)   Constr. rmsd
    3.08750e+02   -2.09293e+02   -1.18016e+02    2.82427e-06

DD  step 49499 load imb.: force  6.6%  pme mesh/force 1.012

           Step           Time
          49500       99.00000

   Energies (kJ/mol)
           Bond            U-B    Proper Dih.  Improper Dih.      CMAP Dih.
    6.45764e+01    1.67288e+02    1.90199e+02    1.44807e+01   -3.79238e+01
          LJ-14     Coulomb-14        LJ (SR)  Disper. corr.   Coulomb (SR)
    3.17834e+01    3.52432e+03    2.55554e+04   -2.17400e+03   -2.61413e+05
   Coul. recip. Position Rest.      Potential    Kinetic En.   Total Energy
    1.52011e+03    4.06545e+01   -2.32516e+05    4.47812e+04   -1.87735e+05
    Temperature Pres. DC (bar) Pressure (bar)   Constr. rmsd
    3.11020e+02   -2.10398e+02    1.61986e+00    2.23777e-06

DD  step 49999 load imb.: force  5.1%  pme mesh/force 1.046

           Step           Time
          50000      100.00000

Writing checkpoint, step 50000 at Mon Jan 14 19:34:02 2019


   Energies (kJ/mol)
           Bond            U-B    Proper Dih.  Improper Dih.      CMAP Dih.
    4.10898e+01    2.15710e+02    1.63780e+02    1.55549e+01   -3.70330e+01
          LJ-14     Coulomb-14        LJ (SR)  Disper. corr.   Coulomb (SR)
    2.94742e+01    3.57734e+03    2.50816e+04   -2.17639e+03   -2.60983e+05
   Coul. recip. Position Rest.      Potential    Kinetic En.   Total Energy
    1.49009e+03    3.46415e+01   -2.32547e+05    4.45652e+04   -1.87982e+05
    Temperature Pres. DC (bar) Pressure (bar)   Constr. rmsd
    3.09521e+02   -2.10861e+02   -1.45667e+02    2.15152e-06

	<======  ###############  ==>
	<====  A V E R A G E S  ====>
	<==  ###############  ======>

	Statistics over 50001 steps using 501 frames

   Energies (kJ/mol)
           Bond            U-B    Proper Dih.  Improper Dih.      CMAP Dih.
    7.53360e+01    2.05087e+02    1.70233e+02    1.59844e+01   -3.62402e+01
          LJ-14     Coulomb-14        LJ (SR)  Disper. corr.   Coulomb (SR)
    2.36467e+01    3.54676e+03    2.57358e+04   -2.17837e+03   -2.62042e+05
   Coul. recip. Position Rest.      Potential    Kinetic En.   Total Energy
    1.47559e+03    3.54160e+01   -2.32973e+05    4.46335e+04   -1.88340e+05
    Temperature Pres. DC (bar) Pressure (bar)   Constr. rmsd
    3.09995e+02   -2.11254e+02    2.52652e-01    0.00000e+00

          Box-X          Box-Y          Box-Z
    5.55531e+00    5.55531e+00    5.55531e+00

   Total Virial (kJ/mol)
    1.49156e+04   -2.74987e+01    6.44059e+01
   -2.78923e+01    1.48648e+04    2.20286e+01
    6.43213e+01    2.20899e+01    1.48585e+04

   Pressure (bar)
   -4.96909e+00    7.11465e+00   -1.20527e+01
    7.19107e+00    3.02894e+00   -6.05406e+00
   -1.20360e+01   -6.06558e+00    2.69812e+00

      T-Protein  T-non-Protein
    3.09705e+02    3.09997e+02


	M E G A - F L O P S   A C C O U N T I N G

 NB=Group-cutoff nonbonded kernels    NxN=N-by-N cluster Verlet kernels
 RF=Reaction-Field  VdW=Van der Waals  QSTab=quadratic-spline table
 W3=SPC/TIP3p  W4=TIP4p (single or pairs)
 V&F=Potential and force  V=Potential only  F=Force only

 Computing:                               M-Number         M-Flops  % Flops
-----------------------------------------------------------------------------
 NB VdW [V&F]                             9.150183           9.150     0.0
 Pair Search distance check           14073.591284      126662.322     0.5
 NxN Ewald Elec. + LJ [F]            355465.866896    23460747.215    91.9
 NxN Ewald Elec. + LJ [V&F]            3597.429736      384924.982     1.5
 NxN Ewald Elec. [F]                   5252.114896      320379.009     1.3
 NxN Ewald Elec. [V&F]                   53.213832        4469.962     0.0
 1,4 nonbonded interactions              12.450249        1120.522     0.0
 Calc Weights                          2594.001879       93384.068     0.4
 Spread Q Bspline                     55338.706752      110677.414     0.4
 Gather F Bspline                     55338.706752      332032.241     1.3
 3D-FFT                               72363.847248      578910.778     2.3
 Solve PME                               64.801296        4147.283     0.0
 Reset In Box                            43.232500         129.697     0.0
 CG-CoM                                  43.249793         129.749     0.0
 Bonds                                    2.500050         147.503     0.0
 Propers                                  9.300186        2129.743     0.0
 Impropers                                0.950019         197.604     0.0
 Pos. Restr.                              2.550051         127.503     0.0
 Virial                                  90.083013        1621.494     0.0
 Stop-CM                                  8.663793          86.638     0.0
 Calc-Ekin                              172.964586        4670.044     0.0
 Lincs                                    3.517070         211.024     0.0
 Lincs-Mat                               25.433064         101.732     0.0
 Constraint-V                           971.138596        7769.109     0.0
 Constraint-Vir                          96.779582        2322.710     0.0
 Settle                                 321.368152      103801.913     0.4
 (null)                                   0.400008           0.000     0.0
-----------------------------------------------------------------------------
 Total                                                25540911.407   100.0
-----------------------------------------------------------------------------


    D O M A I N   D E C O M P O S I T I O N   S T A T I S T I C S

 av. #atoms communicated per step for force:  2 x 33060.7
 av. #atoms communicated per step for LINCS:  2 x 2154.2

 Average load imbalance: 4.6 %
 Part of the total run time spent waiting due to load imbalance: 0.2 %
 Average PME mesh/force load: 1.023
 Part of the total run time spent waiting due to PP/PME imbalance: 1.5 %


     R E A L   C Y C L E   A N D   T I M E   A C C O U N T I N G

On 16 MPI ranks doing PP, and
on 4 MPI ranks doing PME

 Computing:          Num   Num      Call    Wall time         Giga-Cycles
                     Ranks Threads  Count      (s)         total sum    %
-----------------------------------------------------------------------------
 Domain decomp.        16    1       2500      38.441       1845.181   1.9
 DD comm. load         16    1        102       0.092          4.430   0.0
 Send X to PME         16    1      50001     100.860       4841.271   5.0
 Neighbor search       16    1       2501       4.173        200.303   0.2
 Comm. coord.          16    1      47500     452.107      21701.064  22.5
 Force                 16    1      50001      70.724       3394.743   3.5
 Wait + Comm. F        16    1      50001     847.929      40700.477  42.1
 PME mesh *             4    1      50001    1275.403      15304.796  15.8
 PME wait for PP *                            334.990       4019.872   4.2
 Wait + Recv. PME F    16    1      50001       0.243         11.654   0.0
 NB X/F buffer ops.    16    1     145001       1.279         61.380   0.1
 Write traj.           16    1        102       0.748         35.885   0.0
 Update                16    1      50001       2.184        104.814   0.1
 Constraints           16    1      50001      81.043       3890.070   4.0
 Comm. energies        16    1       5001      10.003        480.144   0.5
 Rest                                           0.579         27.801   0.0
-----------------------------------------------------------------------------
 Total                                       1610.405      96624.021 100.0
-----------------------------------------------------------------------------
(*) Note that with separate PME ranks, the walltime column actually sums to
    twice the total reported, but the cycle count total and % are correct.
-----------------------------------------------------------------------------
 Breakdown of PME mesh computation
-----------------------------------------------------------------------------
 PME redist. X/F        4    1     100002    1142.821      13713.814  14.2
 PME spread/gather      4    1     100002      82.356        988.270   1.0
 PME 3D-FFT             4    1     100002      13.101        157.215   0.2
 PME 3D-FFT Comm.       4    1     100002      35.353        424.238   0.4
 PME solve Elec         4    1      50001       1.692         20.309   0.0
-----------------------------------------------------------------------------

               Core t (s)   Wall t (s)        (%)
       Time:    32208.095     1610.405     2000.0
                 (ns/day)    (hour/ns)
Performance:        5.365        4.473
Finished mdrun on rank 0 Mon Jan 14 19:34:03 2019
